<?xml version="1.0" encoding="UTF-8"?>
<coverage generated="1742783204895" clover="3.2.0">
  <project timestamp="1742783204895" name="All files">
    <metrics statements="101" coveredstatements="91" conditionals="65" coveredconditionals="51" methods="33" coveredmethods="27" elements="199" coveredelements="169" complexity="0" loc="101" ncloc="101" packages="1" files="10" classes="10"/>
    <file name="close-button.jsx" path="C:\Users\595-424-424 Temo\Desktop\Vandy\Spring 2025\Software Eng\VandyLostAndFound\frontend\src\components\ui\close-button.jsx">
      <metrics statements="6" coveredstatements="6" conditionals="2" coveredconditionals="2" methods="3" coveredmethods="3"/>
      <line num="2" count="2" type="cond" truecount="2" falsecount="0"/>
      <line num="3" count="1" type="stmt"/>
      <line num="5" count="1" type="stmt"/>
      <line num="12" count="2" type="stmt"/>
      <line num="13" count="2" type="stmt"/>
      <line num="16" count="1" type="stmt"/>
    </file>
    <file name="color-mode.jsx" path="C:\Users\595-424-424 Temo\Desktop\Vandy\Spring 2025\Software Eng\VandyLostAndFound\frontend\src\components\ui\color-mode.jsx">
      <metrics statements="12" coveredstatements="12" conditionals="6" coveredconditionals="3" methods="6" coveredmethods="6"/>
      <line num="10" count="3" type="stmt"/>
      <line num="16" count="4" type="stmt"/>
      <line num="17" count="4" type="stmt"/>
      <line num="18" count="1" type="cond" truecount="1" falsecount="1"/>
      <line num="20" count="4" type="stmt"/>
      <line num="28" count="1" type="stmt"/>
      <line num="29" count="1" type="cond" truecount="1" falsecount="1"/>
      <line num="33" count="2" type="stmt"/>
      <line num="34" count="2" type="cond" truecount="1" falsecount="1"/>
      <line num="37" count="2" type="stmt"/>
      <line num="39" count="1" type="stmt"/>
      <line num="40" count="1" type="stmt"/>
    </file>
    <file name="dialog.jsx" path="C:\Users\595-424-424 Temo\Desktop\Vandy\Spring 2025\Software Eng\VandyLostAndFound\frontend\src\components\ui\dialog.jsx">
      <metrics statements="14" coveredstatements="14" conditionals="4" coveredconditionals="4" methods="2" coveredmethods="2"/>
      <line num="5" count="1" type="stmt"/>
      <line num="13" count="2" type="stmt"/>
      <line num="15" count="1" type="stmt"/>
      <line num="28" count="1" type="stmt"/>
      <line num="30" count="2" type="stmt"/>
      <line num="46" count="1" type="stmt"/>
      <line num="47" count="1" type="stmt"/>
      <line num="48" count="1" type="stmt"/>
      <line num="49" count="1" type="stmt"/>
      <line num="50" count="1" type="stmt"/>
      <line num="51" count="1" type="stmt"/>
      <line num="52" count="1" type="stmt"/>
      <line num="53" count="1" type="stmt"/>
      <line num="54" count="1" type="stmt"/>
    </file>
    <file name="drawer.jsx" path="C:\Users\595-424-424 Temo\Desktop\Vandy\Spring 2025\Software Eng\VandyLostAndFound\frontend\src\components\ui\drawer.jsx">
      <metrics statements="14" coveredstatements="14" conditionals="1" coveredconditionals="1" methods="2" coveredmethods="2"/>
      <line num="5" count="1" type="stmt"/>
      <line num="7" count="2" type="cond" truecount="1" falsecount="0"/>
      <line num="8" count="1" type="stmt"/>
      <line num="20" count="1" type="stmt"/>
      <line num="22" count="2" type="stmt"/>
      <line num="36" count="1" type="stmt"/>
      <line num="37" count="1" type="stmt"/>
      <line num="38" count="1" type="stmt"/>
      <line num="39" count="1" type="stmt"/>
      <line num="40" count="1" type="stmt"/>
      <line num="41" count="1" type="stmt"/>
      <line num="42" count="1" type="stmt"/>
      <line num="43" count="1" type="stmt"/>
      <line num="44" count="1" type="stmt"/>
    </file>
    <file name="field.jsx" path="C:\Users\595-424-424 Temo\Desktop\Vandy\Spring 2025\Software Eng\VandyLostAndFound\frontend\src\components\ui\field.jsx">
      <metrics statements="3" coveredstatements="3" conditionals="6" coveredconditionals="6" methods="1" coveredmethods="1"/>
      <line num="4" count="1" type="stmt"/>
      <line num="6" count="3" type="stmt"/>
      <line num="7" count="3" type="stmt"/>
    </file>
    <file name="input-group.jsx" path="C:\Users\595-424-424 Temo\Desktop\Vandy\Spring 2025\Software Eng\VandyLostAndFound\frontend\src\components\ui\input-group.jsx">
      <metrics statements="4" coveredstatements="4" conditionals="10" coveredconditionals="10" methods="1" coveredmethods="1"/>
      <line num="8" count="1" type="stmt"/>
      <line num="18" count="4" type="stmt"/>
      <line num="20" count="4" type="stmt"/>
      <line num="22" count="4" type="stmt"/>
    </file>
    <file name="provider.jsx" path="C:\Users\595-424-424 Temo\Desktop\Vandy\Spring 2025\Software Eng\VandyLostAndFound\frontend\src\components\ui\provider.jsx">
      <metrics statements="1" coveredstatements="1" conditionals="0" coveredconditionals="0" methods="1" coveredmethods="1"/>
      <line num="8" count="3" type="stmt"/>
    </file>
    <file name="radio.jsx" path="C:\Users\595-424-424 Temo\Desktop\Vandy\Spring 2025\Software Eng\VandyLostAndFound\frontend\src\components\ui\radio.jsx">
      <metrics statements="2" coveredstatements="2" conditionals="0" coveredconditionals="0" methods="0" coveredmethods="0"/>
      <line num="4" count="1" type="stmt"/>
      <line num="5" count="1" type="stmt"/>
    </file>
    <file name="slider.jsx" path="C:\Users\595-424-424 Temo\Desktop\Vandy\Spring 2025\Software Eng\VandyLostAndFound\frontend\src\components\ui\slider.jsx">
      <metrics statements="41" coveredstatements="31" conditionals="31" coveredconditionals="20" methods="16" coveredmethods="10"/>
      <line num="2" count="8" type="cond" truecount="1" falsecount="1"/>
      <line num="3" count="8" type="stmt"/>
      <line num="5" count="0" type="stmt"/>
      <line num="9" count="16" type="stmt"/>
      <line num="10" count="16" type="stmt"/>
      <line num="11" count="16" type="stmt"/>
      <line num="12" count="16" type="stmt"/>
      <line num="13" count="24" type="stmt"/>
      <line num="14" count="24" type="stmt"/>
      <line num="15" count="24" type="stmt"/>
      <line num="16" count="24" type="cond" truecount="5" falsecount="0"/>
      <line num="17" count="8" type="stmt"/>
      <line num="19" count="16" type="cond" truecount="4" falsecount="0"/>
      <line num="20" count="8" type="stmt"/>
      <line num="21" count="8" type="stmt"/>
      <line num="22" count="8" type="cond" truecount="2" falsecount="2"/>
      <line num="23" count="8" type="stmt"/>
      <line num="24" count="8" type="stmt"/>
      <line num="27" count="8" type="stmt"/>
      <line num="32" count="1" type="stmt"/>
      <line num="33" count="9" type="stmt"/>
      <line num="34" count="8" type="stmt"/>
      <line num="36" count="8" type="stmt"/>
      <line num="39" count="4" type="stmt"/>
      <line num="42" count="4" type="stmt"/>
      <line num="43" count="12" type="cond" truecount="1" falsecount="1"/>
      <line num="44" count="12" type="stmt"/>
      <line num="48" count="8" type="stmt"/>
      <line num="51" count="4" type="stmt"/>
      <line num="53" count="4" type="stmt"/>
      <line num="56" count="8" type="stmt"/>
      <line num="77" count="0" type="stmt"/>
      <line num="78" count="0" type="stmt"/>
      <line num="81" count="0" type="stmt"/>
      <line num="89" count="1" type="stmt"/>
      <line num="90" count="0" type="stmt"/>
      <line num="91" count="0" type="cond" truecount="0" falsecount="2"/>
      <line num="93" count="0" type="stmt"/>
      <line num="96" count="0" type="cond" truecount="0" falsecount="2"/>
      <line num="97" count="0" type="cond" truecount="0" falsecount="2"/>
      <line num="98" count="0" type="stmt"/>
    </file>
    <file name="tooltip.jsx" path="C:\Users\595-424-424 Temo\Desktop\Vandy\Spring 2025\Software Eng\VandyLostAndFound\frontend\src\components\ui\tooltip.jsx">
      <metrics statements="4" coveredstatements="4" conditionals="5" coveredconditionals="5" methods="1" coveredmethods="1"/>
      <line num="4" count="1" type="stmt"/>
      <line num="14" count="6" type="stmt"/>
      <line num="16" count="5" type="cond" truecount="2" falsecount="0"/>
      <line num="18" count="4" type="stmt"/>
    </file>
  </project>
</coverage>
