<?xml version="1.0" encoding="UTF-8"?>
<coverage generated="1743048008843" clover="3.2.0">
  <project timestamp="1743048008843" name="All files">
    <metrics statements="209" coveredstatements="194" conditionals="87" coveredconditionals="71" methods="54" coveredmethods="46" elements="350" coveredelements="311" complexity="0" loc="209" ncloc="209" packages="4" files="17" classes="17"/>
    <package name="components">
      <metrics statements="15" coveredstatements="12" conditionals="8" coveredconditionals="2" methods="2" coveredmethods="1"/>
      <file name="ItemCard.jsx" path="C:\Users\595-424-424 Temo\Desktop\Vandy\VandyLostAndFound\frontend\src\components\ItemCard.jsx">
        <metrics statements="15" coveredstatements="12" conditionals="8" coveredconditionals="2" methods="2" coveredmethods="1"/>
        <line num="14" count="1" type="stmt"/>
        <line num="15" count="4" type="stmt"/>
        <line num="18" count="4" type="stmt"/>
        <line num="19" count="4" type="stmt"/>
        <line num="21" count="4" type="stmt"/>
        <line num="22" count="4" type="stmt"/>
        <line num="23" count="4" type="stmt"/>
        <line num="25" count="4" type="stmt"/>
        <line num="26" count="0" type="cond" truecount="0" falsecount="2"/>
        <line num="27" count="0" type="stmt"/>
        <line num="29" count="0" type="stmt"/>
        <line num="33" count="4" type="cond" truecount="1" falsecount="1"/>
        <line num="39" count="4" type="stmt"/>
        <line num="40" count="4" type="stmt"/>
        <line num="42" count="4" type="stmt"/>
      </file>
    </package>
    <package name="components.ui">
      <metrics statements="64" coveredstatements="64" conditionals="39" coveredconditionals="36" methods="19" coveredmethods="19"/>
      <file name="close-button.jsx" path="C:\Users\595-424-424 Temo\Desktop\Vandy\VandyLostAndFound\frontend\src\components\ui\close-button.jsx">
        <metrics statements="6" coveredstatements="6" conditionals="2" coveredconditionals="2" methods="3" coveredmethods="3"/>
        <line num="2" count="2" type="cond" truecount="2" falsecount="0"/>
        <line num="3" count="1" type="stmt"/>
        <line num="5" count="1" type="stmt"/>
        <line num="12" count="2" type="stmt"/>
        <line num="13" count="2" type="stmt"/>
        <line num="16" count="1" type="stmt"/>
      </file>
      <file name="color-mode.jsx" path="C:\Users\595-424-424 Temo\Desktop\Vandy\VandyLostAndFound\frontend\src\components\ui\color-mode.jsx">
        <metrics statements="12" coveredstatements="12" conditionals="6" coveredconditionals="3" methods="6" coveredmethods="6"/>
        <line num="10" count="3" type="stmt"/>
        <line num="16" count="4" type="stmt"/>
        <line num="17" count="4" type="stmt"/>
        <line num="18" count="1" type="cond" truecount="1" falsecount="1"/>
        <line num="20" count="4" type="stmt"/>
        <line num="28" count="1" type="stmt"/>
        <line num="29" count="1" type="cond" truecount="1" falsecount="1"/>
        <line num="33" count="2" type="stmt"/>
        <line num="34" count="2" type="cond" truecount="1" falsecount="1"/>
        <line num="37" count="2" type="stmt"/>
        <line num="39" count="1" type="stmt"/>
        <line num="40" count="1" type="stmt"/>
      </file>
      <file name="dialog.jsx" path="C:\Users\595-424-424 Temo\Desktop\Vandy\VandyLostAndFound\frontend\src\components\ui\dialog.jsx">
        <metrics statements="14" coveredstatements="14" conditionals="4" coveredconditionals="4" methods="2" coveredmethods="2"/>
        <line num="6" count="1" type="stmt"/>
        <line num="13" count="1" type="stmt"/>
        <line num="15" count="1" type="stmt"/>
        <line num="27" count="1" type="stmt"/>
        <line num="28" count="2" type="stmt"/>
        <line num="42" count="1" type="stmt"/>
        <line num="43" count="1" type="stmt"/>
        <line num="44" count="1" type="stmt"/>
        <line num="45" count="1" type="stmt"/>
        <line num="46" count="1" type="stmt"/>
        <line num="47" count="1" type="stmt"/>
        <line num="48" count="1" type="stmt"/>
        <line num="49" count="1" type="stmt"/>
        <line num="50" count="1" type="stmt"/>
      </file>
      <file name="drawer.jsx" path="C:\Users\595-424-424 Temo\Desktop\Vandy\VandyLostAndFound\frontend\src\components\ui\drawer.jsx">
        <metrics statements="14" coveredstatements="14" conditionals="1" coveredconditionals="1" methods="2" coveredmethods="2"/>
        <line num="6" count="1" type="stmt"/>
        <line num="7" count="1" type="cond" truecount="1" falsecount="0"/>
        <line num="8" count="1" type="stmt"/>
        <line num="19" count="1" type="stmt"/>
        <line num="20" count="2" type="stmt"/>
        <line num="32" count="1" type="stmt"/>
        <line num="33" count="1" type="stmt"/>
        <line num="34" count="1" type="stmt"/>
        <line num="35" count="1" type="stmt"/>
        <line num="36" count="1" type="stmt"/>
        <line num="37" count="1" type="stmt"/>
        <line num="38" count="1" type="stmt"/>
        <line num="39" count="1" type="stmt"/>
        <line num="40" count="1" type="stmt"/>
      </file>
      <file name="field.jsx" path="C:\Users\595-424-424 Temo\Desktop\Vandy\VandyLostAndFound\frontend\src\components\ui\field.jsx">
        <metrics statements="3" coveredstatements="3" conditionals="6" coveredconditionals="6" methods="1" coveredmethods="1"/>
        <line num="4" count="1" type="stmt"/>
        <line num="6" count="3" type="stmt"/>
        <line num="7" count="3" type="stmt"/>
      </file>
      <file name="input-group.jsx" path="C:\Users\595-424-424 Temo\Desktop\Vandy\VandyLostAndFound\frontend\src\components\ui\input-group.jsx">
        <metrics statements="4" coveredstatements="4" conditionals="10" coveredconditionals="10" methods="1" coveredmethods="1"/>
        <line num="8" count="1" type="stmt"/>
        <line num="18" count="4" type="stmt"/>
        <line num="20" count="4" type="stmt"/>
        <line num="22" count="4" type="stmt"/>
      </file>
      <file name="provider.jsx" path="C:\Users\595-424-424 Temo\Desktop\Vandy\VandyLostAndFound\frontend\src\components\ui\provider.jsx">
        <metrics statements="1" coveredstatements="1" conditionals="0" coveredconditionals="0" methods="1" coveredmethods="1"/>
        <line num="8" count="3" type="stmt"/>
      </file>
      <file name="radio.jsx" path="C:\Users\595-424-424 Temo\Desktop\Vandy\VandyLostAndFound\frontend\src\components\ui\radio.jsx">
        <metrics statements="2" coveredstatements="2" conditionals="0" coveredconditionals="0" methods="0" coveredmethods="0"/>
        <line num="4" count="1" type="stmt"/>
        <line num="5" count="1" type="stmt"/>
      </file>
      <file name="slider.jsx" path="C:\Users\595-424-424 Temo\Desktop\Vandy\VandyLostAndFound\frontend\src\components\ui\slider.jsx">
        <metrics statements="4" coveredstatements="4" conditionals="8" coveredconditionals="8" methods="2" coveredmethods="2"/>
        <line num="12" count="1" type="stmt"/>
        <line num="23" count="3" type="stmt"/>
        <line num="25" count="3" type="stmt"/>
        <line num="43" count="2" type="stmt"/>
      </file>
      <file name="tooltip.jsx" path="C:\Users\595-424-424 Temo\Desktop\Vandy\VandyLostAndFound\frontend\src\components\ui\tooltip.jsx">
        <metrics statements="4" coveredstatements="4" conditionals="2" coveredconditionals="2" methods="1" coveredmethods="1"/>
        <line num="5" count="1" type="stmt"/>
        <line num="6" count="2" type="stmt"/>
        <line num="8" count="2" type="cond" truecount="2" falsecount="0"/>
        <line num="10" count="1" type="stmt"/>
      </file>
    </package>
    <package name="context">
      <metrics statements="30" coveredstatements="28" conditionals="4" coveredconditionals="4" methods="6" coveredmethods="6"/>
      <file name="AuthContext.jsx" path="C:\Users\595-424-424 Temo\Desktop\Vandy\VandyLostAndFound\frontend\src\context\AuthContext.jsx">
        <metrics statements="30" coveredstatements="28" conditionals="4" coveredconditionals="4" methods="6" coveredmethods="6"/>
        <line num="5" count="2" type="stmt"/>
        <line num="7" count="2" type="stmt"/>
        <line num="8" count="12" type="stmt"/>
        <line num="9" count="12" type="stmt"/>
        <line num="10" count="12" type="stmt"/>
        <line num="12" count="12" type="stmt"/>
        <line num="13" count="5" type="stmt"/>
        <line num="14" count="5" type="cond" truecount="2" falsecount="0"/>
        <line num="15" count="3" type="stmt"/>
        <line num="17" count="2" type="stmt"/>
        <line num="21" count="12" type="stmt"/>
        <line num="22" count="4" type="stmt"/>
        <line num="24" count="4" type="stmt"/>
        <line num="30" count="4" type="stmt"/>
        <line num="31" count="4" type="cond" truecount="2" falsecount="0"/>
        <line num="32" count="3" type="stmt"/>
        <line num="34" count="1" type="stmt"/>
        <line num="37" count="0" type="stmt"/>
        <line num="38" count="0" type="stmt"/>
        <line num="40" count="4" type="stmt"/>
        <line num="43" count="12" type="stmt"/>
        <line num="44" count="1" type="stmt"/>
        <line num="45" count="1" type="stmt"/>
        <line num="46" count="1" type="stmt"/>
        <line num="49" count="12" type="stmt"/>
        <line num="50" count="2" type="stmt"/>
        <line num="51" count="2" type="stmt"/>
        <line num="52" count="2" type="stmt"/>
        <line num="55" count="12" type="stmt"/>
        <line num="62" count="16" type="stmt"/>
      </file>
    </package>
    <package name="pages">
      <metrics statements="100" coveredstatements="90" conditionals="36" coveredconditionals="29" methods="27" coveredmethods="20"/>
      <file name="CreatePage.jsx" path="C:\Users\595-424-424 Temo\Desktop\Vandy\VandyLostAndFound\frontend\src\pages\CreatePage.jsx">
        <metrics statements="28" coveredstatements="26" conditionals="4" coveredconditionals="3" methods="6" coveredmethods="5"/>
        <line num="7" count="1" type="stmt"/>
        <line num="8" count="9" type="stmt"/>
        <line num="9" count="9" type="stmt"/>
        <line num="10" count="9" type="stmt"/>
        <line num="11" count="9" type="stmt"/>
        <line num="12" count="9" type="stmt"/>
        <line num="13" count="9" type="stmt"/>
        <line num="15" count="9" type="stmt"/>
        <line num="16" count="0" type="stmt"/>
        <line num="19" count="9" type="stmt"/>
        <line num="20" count="2" type="stmt"/>
        <line num="22" count="2" type="stmt"/>
        <line num="23" count="2" type="stmt"/>
        <line num="24" count="2" type="stmt"/>
        <line num="25" count="2" type="stmt"/>
        <line num="26" count="2" type="cond" truecount="1" falsecount="1"/>
        <line num="28" count="2" type="stmt"/>
        <line num="29" count="2" type="stmt"/>
        <line num="34" count="2" type="stmt"/>
        <line num="35" count="2" type="cond" truecount="2" falsecount="0"/>
        <line num="36" count="1" type="stmt"/>
        <line num="37" count="1" type="stmt"/>
        <line num="39" count="1" type="stmt"/>
        <line num="42" count="0" type="stmt"/>
        <line num="46" count="9" type="stmt"/>
        <line num="52" count="2" type="stmt"/>
        <line num="57" count="2" type="stmt"/>
        <line num="62" count="2" type="stmt"/>
      </file>
      <file name="HomePage.jsx" path="C:\Users\595-424-424 Temo\Desktop\Vandy\VandyLostAndFound\frontend\src\pages\HomePage.jsx">
        <metrics statements="14" coveredstatements="8" conditionals="12" coveredconditionals="8" methods="9" coveredmethods="3"/>
        <line num="16" count="1" type="stmt"/>
        <line num="27" count="3" type="stmt"/>
        <line num="39" count="3" type="stmt"/>
        <line num="40" count="3" type="stmt"/>
        <line num="44" count="3" type="stmt"/>
        <line num="45" count="0" type="stmt"/>
        <line num="48" count="3" type="stmt"/>
        <line num="49" count="0" type="cond" truecount="0" falsecount="2"/>
        <line num="50" count="0" type="stmt"/>
        <line num="54" count="3" type="stmt"/>
        <line num="74" count="0" type="stmt"/>
        <line num="89" count="0" type="stmt"/>
        <line num="106" count="0" type="stmt"/>
        <line num="121" count="4" type="stmt"/>
      </file>
      <file name="Login.jsx" path="C:\Users\595-424-424 Temo\Desktop\Vandy\VandyLostAndFound\frontend\src\pages\Login.jsx">
        <metrics statements="25" coveredstatements="23" conditionals="4" coveredconditionals="3" methods="5" coveredmethods="5"/>
        <line num="17" count="1" type="stmt"/>
        <line num="18" count="12" type="stmt"/>
        <line num="19" count="12" type="stmt"/>
        <line num="20" count="12" type="stmt"/>
        <line num="21" count="12" type="stmt"/>
        <line num="22" count="12" type="stmt"/>
        <line num="23" count="12" type="stmt"/>
        <line num="25" count="12" type="stmt"/>
        <line num="26" count="2" type="stmt"/>
        <line num="27" count="2" type="stmt"/>
        <line num="29" count="2" type="stmt"/>
        <line num="30" count="2" type="stmt"/>
        <line num="36" count="2" type="stmt"/>
        <line num="38" count="2" type="cond" truecount="2" falsecount="0"/>
        <line num="39" count="1" type="stmt"/>
        <line num="40" count="1" type="stmt"/>
        <line num="47" count="1" type="stmt"/>
        <line num="49" count="1" type="stmt"/>
        <line num="58" count="0" type="stmt"/>
        <line num="59" count="0" type="stmt"/>
        <line num="67" count="2" type="stmt"/>
        <line num="71" count="12" type="stmt"/>
        <line num="84" count="2" type="stmt"/>
        <line num="96" count="2" type="stmt"/>
        <line num="106" count="1" type="stmt"/>
      </file>
      <file name="Profile.jsx" path="C:\Users\595-424-424 Temo\Desktop\Vandy\VandyLostAndFound\frontend\src\pages\Profile.jsx">
        <metrics statements="10" coveredstatements="10" conditionals="12" coveredconditionals="12" methods="3" coveredmethods="3"/>
        <line num="16" count="1" type="stmt"/>
        <line num="17" count="5" type="stmt"/>
        <line num="18" count="5" type="stmt"/>
        <line num="20" count="5" type="cond" truecount="2" falsecount="0"/>
        <line num="21" count="1" type="stmt"/>
        <line num="28" count="4" type="cond" truecount="2" falsecount="0"/>
        <line num="29" count="1" type="stmt"/>
        <line num="36" count="3" type="stmt"/>
        <line num="64" count="2" type="stmt"/>
        <line num="95" count="2" type="stmt"/>
      </file>
      <file name="VerifyEmail.jsx" path="C:\Users\595-424-424 Temo\Desktop\Vandy\VandyLostAndFound\frontend\src\pages\VerifyEmail.jsx">
        <metrics statements="23" coveredstatements="23" conditionals="4" coveredconditionals="3" methods="4" coveredmethods="4"/>
        <line num="16" count="1" type="stmt"/>
        <line num="17" count="16" type="stmt"/>
        <line num="18" count="16" type="stmt"/>
        <line num="19" count="16" type="stmt"/>
        <line num="20" count="16" type="stmt"/>
        <line num="21" count="16" type="stmt"/>
        <line num="22" count="16" type="stmt"/>
        <line num="24" count="16" type="stmt"/>
        <line num="25" count="3" type="stmt"/>
        <line num="26" count="3" type="stmt"/>
        <line num="27" count="3" type="stmt"/>
        <line num="28" count="3" type="stmt"/>
        <line num="34" count="2" type="stmt"/>
        <line num="35" count="2" type="cond" truecount="2" falsecount="0"/>
        <line num="36" count="1" type="stmt"/>
        <line num="43" count="1" type="stmt"/>
        <line num="44" count="1" type="stmt"/>
        <line num="46" count="1" type="stmt"/>
        <line num="55" count="1" type="stmt"/>
        <line num="63" count="3" type="stmt"/>
        <line num="67" count="16" type="stmt"/>
        <line num="79" count="3" type="stmt"/>
        <line num="89" count="3" type="stmt"/>
      </file>
    </package>
  </project>
</coverage>
