{"C:\\Users\\595-424-424 Temo\\Desktop\\Vandy\\VandyLostAndFound\\frontend\\src\\components\\ItemCard.jsx": {"path":"C:\\Users\\595-424-424 Temo\\Desktop\\Vandy\\VandyLostAndFound\\frontend\\src\\components\\ItemCard.jsx","statementMap":{"0":{"start":{"line":14,"column":17},"end":{"line":87,"column":1}},"1":{"start":{"line":15,"column":19},"end":{"line":15,"column":32}},"2":{"start":{"line":18,"column":15},"end":{"line":18,"column":24}},"3":{"start":{"line":19,"column":15},"end":{"line":19,"column":25}},"4":{"start":{"line":21,"column":24},"end":{"line":21,"column":38}},"5":{"start":{"line":22,"column":17},"end":{"line":22,"column":55}},"6":{"start":{"line":23,"column":20},"end":{"line":23,"column":58}},"7":{"start":{"line":25,"column":22},"end":{"line":31,"column":3}},"8":{"start":{"line":26,"column":4},"end":{"line":30,"column":5}},"9":{"start":{"line":27,"column":6},"end":{"line":27,"column":25}},"10":{"start":{"line":29,"column":6},"end":{"line":29,"column":36}},"11":{"start":{"line":33,"column":19},"end":{"line":37,"column":10}},"12":{"start":{"line":39,"column":2},"end":{"line":39,"column":41}},"13":{"start":{"line":40,"column":2},"end":{"line":40,"column":47}},"14":{"start":{"line":42,"column":2},"end":{"line":86,"column":4}}},"fnMap":{"0":{"name":"(anonymous_0)","decl":{"start":{"line":14,"column":17},"end":{"line":14,"column":18}},"loc":{"start":{"line":14,"column":31},"end":{"line":87,"column":1}},"line":14},"1":{"name":"(anonymous_1)","decl":{"start":{"line":25,"column":22},"end":{"line":25,"column":23}},"loc":{"start":{"line":25,"column":28},"end":{"line":31,"column":3}},"line":25}},"branchMap":{"0":{"loc":{"start":{"line":26,"column":4},"end":{"line":30,"column":5}},"type":"if","locations":[{"start":{"line":26,"column":4},"end":{"line":30,"column":5}},{"start":{"line":28,"column":11},"end":{"line":30,"column":5}}],"line":26},"1":{"loc":{"start":{"line":33,"column":19},"end":{"line":37,"column":10}},"type":"cond-expr","locations":[{"start":{"line":34,"column":6},"end":{"line":36,"column":44}},{"start":{"line":37,"column":6},"end":{"line":37,"column":10}}],"line":33},"2":{"loc":{"start":{"line":34,"column":6},"end":{"line":36,"column":44}},"type":"cond-expr","locations":[{"start":{"line":35,"column":8},"end":{"line":35,"column":18}},{"start":{"line":36,"column":8},"end":{"line":36,"column":44}}],"line":34},"3":{"loc":{"start":{"line":54,"column":7},"end":{"line":75,"column":7}},"type":"cond-expr","locations":[{"start":{"line":55,"column":8},"end":{"line":63,"column":10}},{"start":{"line":65,"column":8},"end":{"line":74,"column":14}}],"line":54}},"s":{"0":1,"1":4,"2":4,"3":4,"4":4,"5":4,"6":4,"7":4,"8":0,"9":0,"10":0,"11":4,"12":4,"13":4,"14":4},"f":{"0":4,"1":0},"b":{"0":[0,0],"1":[0,4],"2":[0,0],"3":[0,4]},"_coverageSchema":"1a1c01bbd47fc00a2c39e90264f33305004495a9","hash":"6d1f00df1c42616ed48c44a2c3f90980310996b3"}
,"C:\\Users\\595-424-424 Temo\\Desktop\\Vandy\\VandyLostAndFound\\frontend\\src\\components\\ui\\close-button.jsx": {"path":"C:\\Users\\595-424-424 Temo\\Desktop\\Vandy\\VandyLostAndFound\\frontend\\src\\components\\ui\\close-button.jsx","statementMap":{"0":{"start":{"line":2,"column":2},"end":{"line":6,"column":3}},"1":{"start":{"line":3,"column":4},"end":{"line":3,"column":14}},"2":{"start":{"line":5,"column":4},"end":{"line":5,"column":18}},"3":{"start":{"line":12,"column":27},"end":{"line":20,"column":2}},"4":{"start":{"line":13,"column":2},"end":{"line":19,"column":3}},"5":{"start":{"line":16,"column":8},"end":{"line":16,"column":15}}},"fnMap":{"0":{"name":"_nullishCoalesce","decl":{"start":{"line":1,"column":9},"end":{"line":1,"column":25}},"loc":{"start":{"line":1,"column":38},"end":{"line":7,"column":1}},"line":1},"1":{"name":"CloseButton","decl":{"start":{"line":12,"column":53},"end":{"line":12,"column":64}},"loc":{"start":{"line":12,"column":77},"end":{"line":20,"column":1}},"line":12},"2":{"name":"(anonymous_2)","decl":{"start":{"line":15,"column":40},"end":{"line":15,"column":41}},"loc":{"start":{"line":16,"column":8},"end":{"line":16,"column":15}},"line":16}},"branchMap":{"0":{"loc":{"start":{"line":2,"column":2},"end":{"line":6,"column":3}},"type":"if","locations":[{"start":{"line":2,"column":2},"end":{"line":6,"column":3}},{"start":{"line":4,"column":9},"end":{"line":6,"column":3}}],"line":2}},"s":{"0":2,"1":1,"2":1,"3":2,"4":2,"5":1},"f":{"0":2,"1":2,"2":1},"b":{"0":[1,1]},"_coverageSchema":"1a1c01bbd47fc00a2c39e90264f33305004495a9","hash":"d85766a7c8a5173a6343b1c578d81ddec0e7ca26"}
,"C:\\Users\\595-424-424 Temo\\Desktop\\Vandy\\VandyLostAndFound\\frontend\\src\\components\\ui\\color-mode.jsx": {"path":"C:\\Users\\595-424-424 Temo\\Desktop\\Vandy\\VandyLostAndFound\\frontend\\src\\components\\ui\\color-mode.jsx","statementMap":{"0":{"start":{"line":10,"column":2},"end":{"line":12,"column":3}},"1":{"start":{"line":16,"column":38},"end":{"line":16,"column":48}},"2":{"start":{"line":17,"column":26},"end":{"line":19,"column":3}},"3":{"start":{"line":18,"column":4},"end":{"line":18,"column":58}},"4":{"start":{"line":20,"column":2},"end":{"line":24,"column":3}},"5":{"start":{"line":28,"column":24},"end":{"line":28,"column":38}},"6":{"start":{"line":29,"column":2},"end":{"line":29,"column":44}},"7":{"start":{"line":33,"column":24},"end":{"line":33,"column":38}},"8":{"start":{"line":34,"column":2},"end":{"line":34,"column":54}},"9":{"start":{"line":37,"column":31},"end":{"line":61,"column":1}},"10":{"start":{"line":39,"column":32},"end":{"line":39,"column":46}},"11":{"start":{"line":40,"column":4},"end":{"line":59,"column":5}}},"fnMap":{"0":{"name":"ColorModeProvider","decl":{"start":{"line":9,"column":16},"end":{"line":9,"column":33}},"loc":{"start":{"line":9,"column":41},"end":{"line":13,"column":1}},"line":9},"1":{"name":"useColorMode","decl":{"start":{"line":15,"column":16},"end":{"line":15,"column":28}},"loc":{"start":{"line":15,"column":31},"end":{"line":25,"column":1}},"line":15},"2":{"name":"(anonymous_2)","decl":{"start":{"line":17,"column":26},"end":{"line":17,"column":27}},"loc":{"start":{"line":17,"column":32},"end":{"line":19,"column":3}},"line":17},"3":{"name":"useColorModeValue","decl":{"start":{"line":27,"column":16},"end":{"line":27,"column":33}},"loc":{"start":{"line":27,"column":47},"end":{"line":30,"column":1}},"line":27},"4":{"name":"ColorModeIcon","decl":{"start":{"line":32,"column":16},"end":{"line":32,"column":29}},"loc":{"start":{"line":32,"column":32},"end":{"line":35,"column":1}},"line":32},"5":{"name":"ColorModeButton","decl":{"start":{"line":38,"column":11},"end":{"line":38,"column":26}},"loc":{"start":{"line":38,"column":39},"end":{"line":60,"column":3}},"line":38}},"branchMap":{"0":{"loc":{"start":{"line":18,"column":13},"end":{"line":18,"column":57}},"type":"cond-expr","locations":[{"start":{"line":18,"column":41},"end":{"line":18,"column":47}},{"start":{"line":18,"column":50},"end":{"line":18,"column":57}}],"line":18},"1":{"loc":{"start":{"line":29,"column":9},"end":{"line":29,"column":44}},"type":"cond-expr","locations":[{"start":{"line":29,"column":32},"end":{"line":29,"column":36}},{"start":{"line":29,"column":39},"end":{"line":29,"column":44}}],"line":29},"2":{"loc":{"start":{"line":34,"column":9},"end":{"line":34,"column":54}},"type":"cond-expr","locations":[{"start":{"line":34,"column":32},"end":{"line":34,"column":42}},{"start":{"line":34,"column":45},"end":{"line":34,"column":54}}],"line":34}},"s":{"0":3,"1":4,"2":4,"3":1,"4":4,"5":1,"6":1,"7":2,"8":2,"9":2,"10":1,"11":1},"f":{"0":3,"1":4,"2":1,"3":1,"4":2,"5":1},"b":{"0":[1,0],"1":[0,1],"2":[0,2]},"_coverageSchema":"1a1c01bbd47fc00a2c39e90264f33305004495a9","hash":"766d458428dec86ea674d374c2b2bfe1aaf85b46"}
,"C:\\Users\\595-424-424 Temo\\Desktop\\Vandy\\VandyLostAndFound\\frontend\\src\\components\\ui\\dialog.jsx": {"path":"C:\\Users\\595-424-424 Temo\\Desktop\\Vandy\\VandyLostAndFound\\frontend\\src\\components\\ui\\dialog.jsx","statementMap":{"0":{"start":{"line":6,"column":29},"end":{"line":25,"column":2}},"1":{"start":{"line":13,"column":6},"end":{"line":13,"column":11}},"2":{"start":{"line":15,"column":2},"end":{"line":24,"column":4}},"3":{"start":{"line":27,"column":34},"end":{"line":40,"column":2}},"4":{"start":{"line":28,"column":2},"end":{"line":39,"column":4}},"5":{"start":{"line":42,"column":26},"end":{"line":42,"column":43}},"6":{"start":{"line":43,"column":28},"end":{"line":43,"column":47}},"7":{"start":{"line":44,"column":28},"end":{"line":44,"column":47}},"8":{"start":{"line":45,"column":26},"end":{"line":45,"column":43}},"9":{"start":{"line":46,"column":30},"end":{"line":46,"column":51}},"10":{"start":{"line":47,"column":27},"end":{"line":47,"column":45}},"11":{"start":{"line":48,"column":33},"end":{"line":48,"column":57}},"12":{"start":{"line":49,"column":29},"end":{"line":49,"column":49}},"13":{"start":{"line":50,"column":35},"end":{"line":50,"column":61}}},"fnMap":{"0":{"name":"DialogContent","decl":{"start":{"line":6,"column":55},"end":{"line":6,"column":68}},"loc":{"start":{"line":6,"column":81},"end":{"line":25,"column":1}},"line":6},"1":{"name":"DialogCloseTrigger","decl":{"start":{"line":27,"column":60},"end":{"line":27,"column":78}},"loc":{"start":{"line":27,"column":91},"end":{"line":40,"column":1}},"line":27}},"branchMap":{"0":{"loc":{"start":{"line":9,"column":4},"end":{"line":9,"column":20}},"type":"default-arg","locations":[{"start":{"line":9,"column":16},"end":{"line":9,"column":20}}],"line":9},"1":{"loc":{"start":{"line":11,"column":4},"end":{"line":11,"column":19}},"type":"default-arg","locations":[{"start":{"line":11,"column":15},"end":{"line":11,"column":19}}],"line":11},"2":{"loc":{"start":{"line":17,"column":7},"end":{"line":17,"column":44}},"type":"binary-expr","locations":[{"start":{"line":17,"column":7},"end":{"line":17,"column":15}},{"start":{"line":17,"column":19},"end":{"line":17,"column":44}}],"line":17}},"s":{"0":1,"1":1,"2":1,"3":1,"4":2,"5":1,"6":1,"7":1,"8":1,"9":1,"10":1,"11":1,"12":1,"13":1},"f":{"0":1,"1":2},"b":{"0":[1],"1":[1],"2":[1,1]},"_coverageSchema":"1a1c01bbd47fc00a2c39e90264f33305004495a9","hash":"b37c30e52d3c07cbb6950eb93ac08f63ca1fa9f6"}
,"C:\\Users\\595-424-424 Temo\\Desktop\\Vandy\\VandyLostAndFound\\frontend\\src\\components\\ui\\drawer.jsx": {"path":"C:\\Users\\595-424-424 Temo\\Desktop\\Vandy\\VandyLostAndFound\\frontend\\src\\components\\ui\\drawer.jsx","statementMap":{"0":{"start":{"line":6,"column":29},"end":{"line":17,"column":2}},"1":{"start":{"line":7,"column":69},"end":{"line":7,"column":74}},"2":{"start":{"line":8,"column":2},"end":{"line":16,"column":4}},"3":{"start":{"line":19,"column":34},"end":{"line":30,"column":2}},"4":{"start":{"line":20,"column":2},"end":{"line":29,"column":4}},"5":{"start":{"line":32,"column":29},"end":{"line":32,"column":49}},"6":{"start":{"line":33,"column":26},"end":{"line":33,"column":43}},"7":{"start":{"line":34,"column":28},"end":{"line":34,"column":47}},"8":{"start":{"line":35,"column":28},"end":{"line":35,"column":47}},"9":{"start":{"line":36,"column":26},"end":{"line":36,"column":43}},"10":{"start":{"line":37,"column":30},"end":{"line":37,"column":51}},"11":{"start":{"line":38,"column":33},"end":{"line":38,"column":57}},"12":{"start":{"line":39,"column":27},"end":{"line":39,"column":45}},"13":{"start":{"line":40,"column":35},"end":{"line":40,"column":61}}},"fnMap":{"0":{"name":"DrawerContent","decl":{"start":{"line":6,"column":55},"end":{"line":6,"column":68}},"loc":{"start":{"line":6,"column":81},"end":{"line":17,"column":1}},"line":6},"1":{"name":"DrawerCloseTrigger","decl":{"start":{"line":19,"column":60},"end":{"line":19,"column":78}},"loc":{"start":{"line":19,"column":91},"end":{"line":30,"column":1}},"line":19}},"branchMap":{"0":{"loc":{"start":{"line":7,"column":20},"end":{"line":7,"column":36}},"type":"default-arg","locations":[{"start":{"line":7,"column":32},"end":{"line":7,"column":36}}],"line":7}},"s":{"0":1,"1":1,"2":1,"3":1,"4":2,"5":1,"6":1,"7":1,"8":1,"9":1,"10":1,"11":1,"12":1,"13":1},"f":{"0":1,"1":2},"b":{"0":[1]},"_coverageSchema":"1a1c01bbd47fc00a2c39e90264f33305004495a9","hash":"a43c47c1c509642f521d050245149a0d28a9873b"}
,"C:\\Users\\595-424-424 Temo\\Desktop\\Vandy\\VandyLostAndFound\\frontend\\src\\components\\ui\\field.jsx": {"path":"C:\\Users\\595-424-424 Temo\\Desktop\\Vandy\\VandyLostAndFound\\frontend\\src\\components\\ui\\field.jsx","statementMap":{"0":{"start":{"line":4,"column":21},"end":{"line":22,"column":2}},"1":{"start":{"line":6,"column":4},"end":{"line":6,"column":9}},"2":{"start":{"line":7,"column":2},"end":{"line":21,"column":3}}},"fnMap":{"0":{"name":"Field","decl":{"start":{"line":4,"column":47},"end":{"line":4,"column":52}},"loc":{"start":{"line":4,"column":65},"end":{"line":22,"column":1}},"line":4}},"branchMap":{"0":{"loc":{"start":{"line":9,"column":7},"end":{"line":14,"column":7}},"type":"binary-expr","locations":[{"start":{"line":9,"column":7},"end":{"line":9,"column":12}},{"start":{"line":10,"column":8},"end":{"line":13,"column":28}}],"line":9},"1":{"loc":{"start":{"line":16,"column":7},"end":{"line":18,"column":7}},"type":"binary-expr","locations":[{"start":{"line":16,"column":7},"end":{"line":16,"column":17}},{"start":{"line":17,"column":8},"end":{"line":17,"column":69}}],"line":16},"2":{"loc":{"start":{"line":19,"column":7},"end":{"line":19,"column":78}},"type":"binary-expr","locations":[{"start":{"line":19,"column":7},"end":{"line":19,"column":16}},{"start":{"line":19,"column":20},"end":{"line":19,"column":78}}],"line":19}},"s":{"0":1,"1":3,"2":3},"f":{"0":3},"b":{"0":[3,1],"1":[3,1],"2":[3,1]},"_coverageSchema":"1a1c01bbd47fc00a2c39e90264f33305004495a9","hash":"e412fa9eb55eae23316b4ddfec5a2d0a81e69ff8"}
,"C:\\Users\\595-424-424 Temo\\Desktop\\Vandy\\VandyLostAndFound\\frontend\\src\\components\\ui\\input-group.jsx": {"path":"C:\\Users\\595-424-424 Temo\\Desktop\\Vandy\\VandyLostAndFound\\frontend\\src\\components\\ui\\input-group.jsx","statementMap":{"0":{"start":{"line":8,"column":26},"end":{"line":46,"column":2}},"1":{"start":{"line":18,"column":6},"end":{"line":18,"column":11}},"2":{"start":{"line":20,"column":16},"end":{"line":20,"column":45}},"3":{"start":{"line":22,"column":2},"end":{"line":45,"column":4}}},"fnMap":{"0":{"name":"InputGroup","decl":{"start":{"line":8,"column":52},"end":{"line":8,"column":62}},"loc":{"start":{"line":8,"column":75},"end":{"line":46,"column":1}},"line":8}},"branchMap":{"0":{"loc":{"start":{"line":15,"column":4},"end":{"line":15,"column":23}},"type":"default-arg","locations":[{"start":{"line":15,"column":18},"end":{"line":15,"column":23}}],"line":15},"1":{"loc":{"start":{"line":16,"column":4},"end":{"line":16,"column":21}},"type":"default-arg","locations":[{"start":{"line":16,"column":16},"end":{"line":16,"column":21}}],"line":16},"2":{"loc":{"start":{"line":24,"column":7},"end":{"line":28,"column":7}},"type":"binary-expr","locations":[{"start":{"line":24,"column":7},"end":{"line":24,"column":19}},{"start":{"line":25,"column":8},"end":{"line":27,"column":27}}],"line":24},"3":{"loc":{"start":{"line":31,"column":12},"end":{"line":33,"column":9}},"type":"binary-expr","locations":[{"start":{"line":31,"column":12},"end":{"line":31,"column":24}},{"start":{"line":31,"column":28},"end":{"line":33,"column":9}}],"line":31},"4":{"loc":{"start":{"line":34,"column":12},"end":{"line":36,"column":9}},"type":"binary-expr","locations":[{"start":{"line":34,"column":12},"end":{"line":34,"column":22}},{"start":{"line":34,"column":26},"end":{"line":36,"column":9}}],"line":34},"5":{"loc":{"start":{"line":39,"column":7},"end":{"line":43,"column":7}},"type":"binary-expr","locations":[{"start":{"line":39,"column":7},"end":{"line":39,"column":17}},{"start":{"line":40,"column":8},"end":{"line":42,"column":28}}],"line":39}},"s":{"0":1,"1":4,"2":4,"3":4},"f":{"0":4},"b":{"0":[3],"1":[3],"2":[4,2],"3":[4,2],"4":[4,2],"5":[4,2]},"_coverageSchema":"1a1c01bbd47fc00a2c39e90264f33305004495a9","hash":"af0bd0b859846f6ec43b6e81915b90682fe56f1d"}
,"C:\\Users\\595-424-424 Temo\\Desktop\\Vandy\\VandyLostAndFound\\frontend\\src\\components\\ui\\provider.jsx": {"path":"C:\\Users\\595-424-424 Temo\\Desktop\\Vandy\\VandyLostAndFound\\frontend\\src\\components\\ui\\provider.jsx","statementMap":{"0":{"start":{"line":8,"column":2},"end":{"line":12,"column":3}}},"fnMap":{"0":{"name":"Provider","decl":{"start":{"line":7,"column":16},"end":{"line":7,"column":24}},"loc":{"start":{"line":7,"column":32},"end":{"line":13,"column":1}},"line":7}},"branchMap":{},"s":{"0":3},"f":{"0":3},"b":{},"_coverageSchema":"1a1c01bbd47fc00a2c39e90264f33305004495a9","hash":"0cbefdf46f23d556ce2624462f912e7358366744"}
,"C:\\Users\\595-424-424 Temo\\Desktop\\Vandy\\VandyLostAndFound\\frontend\\src\\components\\ui\\radio.jsx": {"path":"C:\\Users\\595-424-424 Temo\\Desktop\\Vandy\\VandyLostAndFound\\frontend\\src\\components\\ui\\radio.jsx","statementMap":{"0":{"start":{"line":4,"column":21},"end":{"line":4,"column":32}},"1":{"start":{"line":5,"column":26},"end":{"line":5,"column":42}}},"fnMap":{},"branchMap":{},"s":{"0":1,"1":1},"f":{},"b":{},"_coverageSchema":"1a1c01bbd47fc00a2c39e90264f33305004495a9","hash":"02fc298d60266d064c6305ebc9f42f1a6e080c7e"}
,"C:\\Users\\595-424-424 Temo\\Desktop\\Vandy\\VandyLostAndFound\\frontend\\src\\components\\ui\\slider.jsx": {"path":"C:\\Users\\595-424-424 Temo\\Desktop\\Vandy\\VandyLostAndFound\\frontend\\src\\components\\ui\\slider.jsx","statementMap":{"0":{"start":{"line":12,"column":22},"end":{"line":54,"column":2}},"1":{"start":{"line":23,"column":6},"end":{"line":23,"column":11}},"2":{"start":{"line":25,"column":2},"end":{"line":53,"column":4}},"3":{"start":{"line":43,"column":10},"end":{"line":45,"column":23}}},"fnMap":{"0":{"name":"Slider","decl":{"start":{"line":12,"column":48},"end":{"line":12,"column":54}},"loc":{"start":{"line":12,"column":67},"end":{"line":54,"column":1}},"line":12},"1":{"name":"(anonymous_1)","decl":{"start":{"line":42,"column":19},"end":{"line":42,"column":20}},"loc":{"start":{"line":43,"column":10},"end":{"line":45,"column":23}},"line":43}},"branchMap":{"0":{"loc":{"start":{"line":18,"column":4},"end":{"line":18,"column":11}},"type":"default-arg","locations":[{"start":{"line":18,"column":10},"end":{"line":18,"column":11}}],"line":18},"1":{"loc":{"start":{"line":19,"column":4},"end":{"line":19,"column":13}},"type":"default-arg","locations":[{"start":{"line":19,"column":10},"end":{"line":19,"column":13}}],"line":19},"2":{"loc":{"start":{"line":20,"column":4},"end":{"line":20,"column":12}},"type":"default-arg","locations":[{"start":{"line":20,"column":11},"end":{"line":20,"column":12}}],"line":20},"3":{"loc":{"start":{"line":21,"column":4},"end":{"line":21,"column":14}},"type":"default-arg","locations":[{"start":{"line":21,"column":12},"end":{"line":21,"column":14}}],"line":21},"4":{"loc":{"start":{"line":27,"column":7},"end":{"line":32,"column":7}},"type":"binary-expr","locations":[{"start":{"line":27,"column":7},"end":{"line":27,"column":12}},{"start":{"line":28,"column":8},"end":{"line":31,"column":15}}],"line":27},"5":{"loc":{"start":{"line":30,"column":11},"end":{"line":30,"column":36}},"type":"binary-expr","locations":[{"start":{"line":30,"column":11},"end":{"line":30,"column":20}},{"start":{"line":30,"column":24},"end":{"line":30,"column":36}}],"line":30}},"s":{"0":1,"1":3,"2":3,"3":2},"f":{"0":3,"1":2},"b":{"0":[3],"1":[3],"2":[3],"3":[2],"4":[3,3],"5":[3,2]},"_coverageSchema":"1a1c01bbd47fc00a2c39e90264f33305004495a9","hash":"81e4f947f7bf2a059ef8afe1a312511756a31a95"}
,"C:\\Users\\595-424-424 Temo\\Desktop\\Vandy\\VandyLostAndFound\\frontend\\src\\components\\ui\\tooltip.jsx": {"path":"C:\\Users\\595-424-424 Temo\\Desktop\\Vandy\\VandyLostAndFound\\frontend\\src\\components\\ui\\tooltip.jsx","statementMap":{"0":{"start":{"line":5,"column":23},"end":{"line":20,"column":2}},"1":{"start":{"line":6,"column":62},"end":{"line":6,"column":67}},"2":{"start":{"line":8,"column":2},"end":{"line":8,"column":32}},"3":{"start":{"line":8,"column":16},"end":{"line":8,"column":32}},"4":{"start":{"line":10,"column":2},"end":{"line":19,"column":4}}},"fnMap":{"0":{"name":"Tooltip","decl":{"start":{"line":5,"column":49},"end":{"line":5,"column":56}},"loc":{"start":{"line":5,"column":69},"end":{"line":20,"column":1}},"line":5}},"branchMap":{"0":{"loc":{"start":{"line":8,"column":2},"end":{"line":8,"column":32}},"type":"if","locations":[{"start":{"line":8,"column":2},"end":{"line":8,"column":32}},{"start":{},"end":{}}],"line":8}},"s":{"0":1,"1":2,"2":2,"3":1,"4":1},"f":{"0":2},"b":{"0":[1,1]},"_coverageSchema":"1a1c01bbd47fc00a2c39e90264f33305004495a9","hash":"ad841060adde7e511d1de08b0090a7878fb91145"}
,"C:\\Users\\595-424-424 Temo\\Desktop\\Vandy\\VandyLostAndFound\\frontend\\src\\context\\AuthContext.jsx": {"path":"C:\\Users\\595-424-424 Temo\\Desktop\\Vandy\\VandyLostAndFound\\frontend\\src\\context\\AuthContext.jsx","statementMap":{"0":{"start":{"line":5,"column":20},"end":{"line":5,"column":35}},"1":{"start":{"line":7,"column":28},"end":{"line":60,"column":1}},"2":{"start":{"line":8,"column":26},"end":{"line":8,"column":40}},"3":{"start":{"line":9,"column":32},"end":{"line":9,"column":46}},"4":{"start":{"line":10,"column":19},"end":{"line":10,"column":32}},"5":{"start":{"line":12,"column":2},"end":{"line":19,"column":9}},"6":{"start":{"line":13,"column":18},"end":{"line":13,"column":47}},"7":{"start":{"line":14,"column":4},"end":{"line":18,"column":5}},"8":{"start":{"line":15,"column":6},"end":{"line":15,"column":30}},"9":{"start":{"line":17,"column":6},"end":{"line":17,"column":24}},"10":{"start":{"line":21,"column":27},"end":{"line":41,"column":3}},"11":{"start":{"line":22,"column":4},"end":{"line":39,"column":5}},"12":{"start":{"line":24,"column":18},"end":{"line":29,"column":8}},"13":{"start":{"line":30,"column":19},"end":{"line":30,"column":35}},"14":{"start":{"line":31,"column":6},"end":{"line":35,"column":7}},"15":{"start":{"line":32,"column":8},"end":{"line":32,"column":27}},"16":{"start":{"line":34,"column":8},"end":{"line":34,"column":17}},"17":{"start":{"line":37,"column":6},"end":{"line":37,"column":59}},"18":{"start":{"line":38,"column":6},"end":{"line":38,"column":15}},"19":{"start":{"line":40,"column":4},"end":{"line":40,"column":22}},"20":{"start":{"line":43,"column":16},"end":{"line":47,"column":3}},"21":{"start":{"line":44,"column":4},"end":{"line":44,"column":41}},"22":{"start":{"line":45,"column":4},"end":{"line":45,"column":28}},"23":{"start":{"line":46,"column":4},"end":{"line":46,"column":25}},"24":{"start":{"line":49,"column":17},"end":{"line":53,"column":3}},"25":{"start":{"line":50,"column":4},"end":{"line":50,"column":37}},"26":{"start":{"line":51,"column":4},"end":{"line":51,"column":18}},"27":{"start":{"line":52,"column":4},"end":{"line":52,"column":23}},"28":{"start":{"line":55,"column":2},"end":{"line":59,"column":4}},"29":{"start":{"line":62,"column":23},"end":{"line":62,"column":52}},"30":{"start":{"line":62,"column":29},"end":{"line":62,"column":52}}},"fnMap":{"0":{"name":"(anonymous_0)","decl":{"start":{"line":7,"column":28},"end":{"line":7,"column":29}},"loc":{"start":{"line":7,"column":46},"end":{"line":60,"column":1}},"line":7},"1":{"name":"(anonymous_1)","decl":{"start":{"line":12,"column":12},"end":{"line":12,"column":13}},"loc":{"start":{"line":12,"column":18},"end":{"line":19,"column":3}},"line":12},"2":{"name":"(anonymous_2)","decl":{"start":{"line":21,"column":27},"end":{"line":21,"column":28}},"loc":{"start":{"line":21,"column":44},"end":{"line":41,"column":3}},"line":21},"3":{"name":"(anonymous_3)","decl":{"start":{"line":43,"column":16},"end":{"line":43,"column":17}},"loc":{"start":{"line":43,"column":27},"end":{"line":47,"column":3}},"line":43},"4":{"name":"(anonymous_4)","decl":{"start":{"line":49,"column":17},"end":{"line":49,"column":18}},"loc":{"start":{"line":49,"column":23},"end":{"line":53,"column":3}},"line":49},"5":{"name":"(anonymous_5)","decl":{"start":{"line":62,"column":23},"end":{"line":62,"column":24}},"loc":{"start":{"line":62,"column":29},"end":{"line":62,"column":52}},"line":62}},"branchMap":{"0":{"loc":{"start":{"line":14,"column":4},"end":{"line":18,"column":5}},"type":"if","locations":[{"start":{"line":14,"column":4},"end":{"line":18,"column":5}},{"start":{"line":16,"column":11},"end":{"line":18,"column":5}}],"line":14},"1":{"loc":{"start":{"line":31,"column":6},"end":{"line":35,"column":7}},"type":"if","locations":[{"start":{"line":31,"column":6},"end":{"line":35,"column":7}},{"start":{"line":33,"column":13},"end":{"line":35,"column":7}}],"line":31}},"s":{"0":2,"1":2,"2":12,"3":12,"4":12,"5":12,"6":5,"7":5,"8":3,"9":2,"10":12,"11":4,"12":4,"13":4,"14":4,"15":3,"16":1,"17":0,"18":0,"19":4,"20":12,"21":1,"22":1,"23":1,"24":12,"25":2,"26":2,"27":2,"28":12,"29":2,"30":16},"f":{"0":12,"1":5,"2":4,"3":1,"4":2,"5":16},"b":{"0":[3,2],"1":[3,1]},"_coverageSchema":"1a1c01bbd47fc00a2c39e90264f33305004495a9","hash":"e62c3bf474c063fd13ee4e7914d99ea6c3883f92"}
,"C:\\Users\\595-424-424 Temo\\Desktop\\Vandy\\VandyLostAndFound\\frontend\\src\\pages\\CreatePage.jsx": {"path":"C:\\Users\\595-424-424 Temo\\Desktop\\Vandy\\VandyLostAndFound\\frontend\\src\\pages\\CreatePage.jsx","statementMap":{"0":{"start":{"line":7,"column":19},"end":{"line":75,"column":1}},"1":{"start":{"line":8,"column":28},"end":{"line":8,"column":40}},"2":{"start":{"line":9,"column":42},"end":{"line":9,"column":54}},"3":{"start":{"line":10,"column":38},"end":{"line":10,"column":50}},"4":{"start":{"line":11,"column":30},"end":{"line":11,"column":44}},"5":{"start":{"line":12,"column":21},"end":{"line":12,"column":34}},"6":{"start":{"line":13,"column":18},"end":{"line":13,"column":28}},"7":{"start":{"line":15,"column":30},"end":{"line":17,"column":5}},"8":{"start":{"line":16,"column":8},"end":{"line":16,"column":36}},"9":{"start":{"line":19,"column":25},"end":{"line":44,"column":5}},"10":{"start":{"line":20,"column":8},"end":{"line":20,"column":27}},"11":{"start":{"line":22,"column":25},"end":{"line":22,"column":39}},"12":{"start":{"line":23,"column":8},"end":{"line":23,"column":38}},"13":{"start":{"line":24,"column":8},"end":{"line":24,"column":52}},"14":{"start":{"line":25,"column":8},"end":{"line":25,"column":48}},"15":{"start":{"line":26,"column":8},"end":{"line":26,"column":51}},"16":{"start":{"line":26,"column":19},"end":{"line":26,"column":51}},"17":{"start":{"line":28,"column":8},"end":{"line":43,"column":9}},"18":{"start":{"line":29,"column":29},"end":{"line":32,"column":14}},"19":{"start":{"line":34,"column":25},"end":{"line":34,"column":46}},"20":{"start":{"line":35,"column":12},"end":{"line":40,"column":13}},"21":{"start":{"line":36,"column":16},"end":{"line":36,"column":84}},"22":{"start":{"line":37,"column":16},"end":{"line":37,"column":30}},"23":{"start":{"line":39,"column":16},"end":{"line":39,"column":102}},"24":{"start":{"line":42,"column":12},"end":{"line":42,"column":78}},"25":{"start":{"line":46,"column":4},"end":{"line":74,"column":6}},"26":{"start":{"line":52,"column":103},"end":{"line":52,"column":126}},"27":{"start":{"line":57,"column":112},"end":{"line":57,"column":142}},"28":{"start":{"line":62,"column":78},"end":{"line":62,"column":106}}},"fnMap":{"0":{"name":"(anonymous_0)","decl":{"start":{"line":7,"column":19},"end":{"line":7,"column":20}},"loc":{"start":{"line":7,"column":25},"end":{"line":75,"column":1}},"line":7},"1":{"name":"(anonymous_1)","decl":{"start":{"line":15,"column":30},"end":{"line":15,"column":31}},"loc":{"start":{"line":15,"column":37},"end":{"line":17,"column":5}},"line":15},"2":{"name":"(anonymous_2)","decl":{"start":{"line":19,"column":25},"end":{"line":19,"column":26}},"loc":{"start":{"line":19,"column":38},"end":{"line":44,"column":5}},"line":19},"3":{"name":"(anonymous_3)","decl":{"start":{"line":52,"column":96},"end":{"line":52,"column":97}},"loc":{"start":{"line":52,"column":103},"end":{"line":52,"column":126}},"line":52},"4":{"name":"(anonymous_4)","decl":{"start":{"line":57,"column":105},"end":{"line":57,"column":106}},"loc":{"start":{"line":57,"column":112},"end":{"line":57,"column":142}},"line":57},"5":{"name":"(anonymous_5)","decl":{"start":{"line":62,"column":71},"end":{"line":62,"column":72}},"loc":{"start":{"line":62,"column":78},"end":{"line":62,"column":106}},"line":62}},"branchMap":{"0":{"loc":{"start":{"line":26,"column":8},"end":{"line":26,"column":51}},"type":"if","locations":[{"start":{"line":26,"column":8},"end":{"line":26,"column":51}},{"start":{},"end":{}}],"line":26},"1":{"loc":{"start":{"line":35,"column":12},"end":{"line":40,"column":13}},"type":"if","locations":[{"start":{"line":35,"column":12},"end":{"line":40,"column":13}},{"start":{"line":38,"column":19},"end":{"line":40,"column":13}}],"line":35}},"s":{"0":1,"1":9,"2":9,"3":9,"4":9,"5":9,"6":9,"7":9,"8":0,"9":9,"10":2,"11":2,"12":2,"13":2,"14":2,"15":2,"16":0,"17":2,"18":2,"19":2,"20":2,"21":1,"22":1,"23":1,"24":0,"25":9,"26":2,"27":2,"28":2},"f":{"0":9,"1":0,"2":2,"3":2,"4":2,"5":2},"b":{"0":[0,2],"1":[1,1]},"_coverageSchema":"1a1c01bbd47fc00a2c39e90264f33305004495a9","hash":"9f1c359e2601c21b841102fddede8bbc15464f4a"}
,"C:\\Users\\595-424-424 Temo\\Desktop\\Vandy\\VandyLostAndFound\\frontend\\src\\pages\\HomePage.jsx": {"path":"C:\\Users\\595-424-424 Temo\\Desktop\\Vandy\\VandyLostAndFound\\frontend\\src\\pages\\HomePage.jsx","statementMap":{"0":{"start":{"line":16,"column":17},"end":{"line":134,"column":1}},"1":{"start":{"line":27,"column":5},"end":{"line":37,"column":4}},"2":{"start":{"line":27,"column":30},"end":{"line":37,"column":2}},"3":{"start":{"line":39,"column":1},"end":{"line":41,"column":18}},"4":{"start":{"line":40,"column":2},"end":{"line":40,"column":15}},"5":{"start":{"line":44,"column":21},"end":{"line":46,"column":2}},"6":{"start":{"line":45,"column":2},"end":{"line":45,"column":25}},"7":{"start":{"line":48,"column":20},"end":{"line":52,"column":2}},"8":{"start":{"line":49,"column":2},"end":{"line":51,"column":3}},"9":{"start":{"line":50,"column":3},"end":{"line":50,"column":26}},"10":{"start":{"line":54,"column":1},"end":{"line":133,"column":3}},"11":{"start":{"line":74,"column":24},"end":{"line":74,"column":54}},"12":{"start":{"line":89,"column":24},"end":{"line":89,"column":52}},"13":{"start":{"line":106,"column":24},"end":{"line":106,"column":50}},"14":{"start":{"line":121,"column":6},"end":{"line":121,"column":45}}},"fnMap":{"0":{"name":"(anonymous_0)","decl":{"start":{"line":16,"column":17},"end":{"line":16,"column":18}},"loc":{"start":{"line":16,"column":23},"end":{"line":134,"column":1}},"line":16},"1":{"name":"(anonymous_1)","decl":{"start":{"line":27,"column":18},"end":{"line":27,"column":19}},"loc":{"start":{"line":27,"column":30},"end":{"line":37,"column":2}},"line":27},"2":{"name":"(anonymous_2)","decl":{"start":{"line":39,"column":11},"end":{"line":39,"column":12}},"loc":{"start":{"line":39,"column":17},"end":{"line":41,"column":2}},"line":39},"3":{"name":"(anonymous_3)","decl":{"start":{"line":44,"column":21},"end":{"line":44,"column":22}},"loc":{"start":{"line":44,"column":28},"end":{"line":46,"column":2}},"line":44},"4":{"name":"(anonymous_4)","decl":{"start":{"line":48,"column":20},"end":{"line":48,"column":21}},"loc":{"start":{"line":48,"column":27},"end":{"line":52,"column":2}},"line":48},"5":{"name":"(anonymous_5)","decl":{"start":{"line":74,"column":17},"end":{"line":74,"column":18}},"loc":{"start":{"line":74,"column":24},"end":{"line":74,"column":54}},"line":74},"6":{"name":"(anonymous_6)","decl":{"start":{"line":89,"column":17},"end":{"line":89,"column":18}},"loc":{"start":{"line":89,"column":24},"end":{"line":89,"column":52}},"line":89},"7":{"name":"(anonymous_7)","decl":{"start":{"line":106,"column":17},"end":{"line":106,"column":18}},"loc":{"start":{"line":106,"column":24},"end":{"line":106,"column":50}},"line":106},"8":{"name":"(anonymous_8)","decl":{"start":{"line":120,"column":26},"end":{"line":120,"column":27}},"loc":{"start":{"line":121,"column":6},"end":{"line":121,"column":45}},"line":121}},"branchMap":{"0":{"loc":{"start":{"line":49,"column":2},"end":{"line":51,"column":3}},"type":"if","locations":[{"start":{"line":49,"column":2},"end":{"line":51,"column":3}},{"start":{},"end":{}}],"line":49},"1":{"loc":{"start":{"line":86,"column":13},"end":{"line":86,"column":40}},"type":"cond-expr","locations":[{"start":{"line":86,"column":25},"end":{"line":86,"column":31}},{"start":{"line":86,"column":34},"end":{"line":86,"column":40}}],"line":86},"2":{"loc":{"start":{"line":88,"column":14},"end":{"line":88,"column":29}},"type":"binary-expr","locations":[{"start":{"line":88,"column":14},"end":{"line":88,"column":23}},{"start":{"line":88,"column":27},"end":{"line":88,"column":29}}],"line":88},"3":{"loc":{"start":{"line":103,"column":13},"end":{"line":103,"column":38}},"type":"cond-expr","locations":[{"start":{"line":103,"column":23},"end":{"line":103,"column":29}},{"start":{"line":103,"column":32},"end":{"line":103,"column":38}}],"line":103},"4":{"loc":{"start":{"line":105,"column":14},"end":{"line":105,"column":27}},"type":"binary-expr","locations":[{"start":{"line":105,"column":14},"end":{"line":105,"column":21}},{"start":{"line":105,"column":25},"end":{"line":105,"column":27}}],"line":105},"5":{"loc":{"start":{"line":126,"column":5},"end":{"line":130,"column":5}},"type":"binary-expr","locations":[{"start":{"line":126,"column":5},"end":{"line":126,"column":33}},{"start":{"line":127,"column":5},"end":{"line":129,"column":12}}],"line":126}},"s":{"0":1,"1":3,"2":0,"3":3,"4":3,"5":3,"6":0,"7":3,"8":0,"9":0,"10":3,"11":0,"12":0,"13":0,"14":4},"f":{"0":3,"1":0,"2":3,"3":0,"4":0,"5":0,"6":0,"7":0,"8":4},"b":{"0":[0,0],"1":[0,3],"2":[3,3],"3":[0,3],"4":[3,3],"5":[3,1]},"_coverageSchema":"1a1c01bbd47fc00a2c39e90264f33305004495a9","hash":"6982936a63d578a6576d99c2bd611e66a1089760"}
,"C:\\Users\\595-424-424 Temo\\Desktop\\Vandy\\VandyLostAndFound\\frontend\\src\\pages\\Login.jsx": {"path":"C:\\Users\\595-424-424 Temo\\Desktop\\Vandy\\VandyLostAndFound\\frontend\\src\\pages\\Login.jsx","statementMap":{"0":{"start":{"line":17,"column":14},"end":{"line":114,"column":1}},"1":{"start":{"line":18,"column":28},"end":{"line":18,"column":40}},"2":{"start":{"line":19,"column":34},"end":{"line":19,"column":46}},"3":{"start":{"line":20,"column":32},"end":{"line":20,"column":47}},"4":{"start":{"line":21,"column":16},"end":{"line":21,"column":26}},"5":{"start":{"line":22,"column":19},"end":{"line":22,"column":32}},"6":{"start":{"line":23,"column":34},"end":{"line":23,"column":43}},"7":{"start":{"line":25,"column":22},"end":{"line":69,"column":3}},"8":{"start":{"line":26,"column":4},"end":{"line":26,"column":23}},"9":{"start":{"line":27,"column":4},"end":{"line":27,"column":21}},"10":{"start":{"line":29,"column":4},"end":{"line":68,"column":5}},"11":{"start":{"line":30,"column":23},"end":{"line":34,"column":8}},"12":{"start":{"line":36,"column":19},"end":{"line":36,"column":40}},"13":{"start":{"line":38,"column":6},"end":{"line":56,"column":7}},"14":{"start":{"line":39,"column":8},"end":{"line":39,"column":33}},"15":{"start":{"line":40,"column":8},"end":{"line":46,"column":11}},"16":{"start":{"line":47,"column":8},"end":{"line":47,"column":22}},"17":{"start":{"line":49,"column":8},"end":{"line":55,"column":11}},"18":{"start":{"line":58,"column":6},"end":{"line":58,"column":50}},"19":{"start":{"line":59,"column":6},"end":{"line":65,"column":9}},"20":{"start":{"line":67,"column":6},"end":{"line":67,"column":24}},"21":{"start":{"line":71,"column":2},"end":{"line":113,"column":4}},"22":{"start":{"line":84,"column":31},"end":{"line":84,"column":55}},"23":{"start":{"line":96,"column":31},"end":{"line":96,"column":58}},"24":{"start":{"line":106,"column":69},"end":{"line":106,"column":90}}},"fnMap":{"0":{"name":"(anonymous_0)","decl":{"start":{"line":17,"column":14},"end":{"line":17,"column":15}},"loc":{"start":{"line":17,"column":20},"end":{"line":114,"column":1}},"line":17},"1":{"name":"(anonymous_1)","decl":{"start":{"line":25,"column":22},"end":{"line":25,"column":23}},"loc":{"start":{"line":25,"column":35},"end":{"line":69,"column":3}},"line":25},"2":{"name":"(anonymous_2)","decl":{"start":{"line":84,"column":24},"end":{"line":84,"column":25}},"loc":{"start":{"line":84,"column":31},"end":{"line":84,"column":55}},"line":84},"3":{"name":"(anonymous_3)","decl":{"start":{"line":96,"column":24},"end":{"line":96,"column":25}},"loc":{"start":{"line":96,"column":31},"end":{"line":96,"column":58}},"line":96},"4":{"name":"(anonymous_4)","decl":{"start":{"line":106,"column":63},"end":{"line":106,"column":64}},"loc":{"start":{"line":106,"column":69},"end":{"line":106,"column":90}},"line":106}},"branchMap":{"0":{"loc":{"start":{"line":38,"column":6},"end":{"line":56,"column":7}},"type":"if","locations":[{"start":{"line":38,"column":6},"end":{"line":56,"column":7}},{"start":{"line":48,"column":13},"end":{"line":56,"column":7}}],"line":38},"1":{"loc":{"start":{"line":51,"column":23},"end":{"line":51,"column":56}},"type":"binary-expr","locations":[{"start":{"line":51,"column":23},"end":{"line":51,"column":31}},{"start":{"line":51,"column":35},"end":{"line":51,"column":56}}],"line":51}},"s":{"0":1,"1":12,"2":12,"3":12,"4":12,"5":12,"6":12,"7":12,"8":2,"9":2,"10":2,"11":2,"12":2,"13":2,"14":1,"15":1,"16":1,"17":1,"18":0,"19":0,"20":2,"21":12,"22":2,"23":2,"24":1},"f":{"0":12,"1":2,"2":2,"3":2,"4":1},"b":{"0":[1,1],"1":[1,0]},"_coverageSchema":"1a1c01bbd47fc00a2c39e90264f33305004495a9","hash":"568a4c1cf2ca19ac0baee1052e2277a350644729"}
,"C:\\Users\\595-424-424 Temo\\Desktop\\Vandy\\VandyLostAndFound\\frontend\\src\\pages\\Profile.jsx": {"path":"C:\\Users\\595-424-424 Temo\\Desktop\\Vandy\\VandyLostAndFound\\frontend\\src\\pages\\Profile.jsx","statementMap":{"0":{"start":{"line":16,"column":16},"end":{"line":118,"column":1}},"1":{"start":{"line":17,"column":28},"end":{"line":17,"column":37}},"2":{"start":{"line":18,"column":18},"end":{"line":18,"column":56}},"3":{"start":{"line":20,"column":2},"end":{"line":26,"column":3}},"4":{"start":{"line":21,"column":4},"end":{"line":25,"column":6}},"5":{"start":{"line":28,"column":2},"end":{"line":34,"column":3}},"6":{"start":{"line":29,"column":4},"end":{"line":33,"column":6}},"7":{"start":{"line":36,"column":2},"end":{"line":117,"column":4}},"8":{"start":{"line":64,"column":14},"end":{"line":78,"column":20}},"9":{"start":{"line":95,"column":14},"end":{"line":109,"column":20}}},"fnMap":{"0":{"name":"(anonymous_0)","decl":{"start":{"line":16,"column":16},"end":{"line":16,"column":17}},"loc":{"start":{"line":16,"column":22},"end":{"line":118,"column":1}},"line":16},"1":{"name":"(anonymous_1)","decl":{"start":{"line":63,"column":35},"end":{"line":63,"column":36}},"loc":{"start":{"line":64,"column":14},"end":{"line":78,"column":20}},"line":64},"2":{"name":"(anonymous_2)","decl":{"start":{"line":94,"column":36},"end":{"line":94,"column":37}},"loc":{"start":{"line":95,"column":14},"end":{"line":109,"column":20}},"line":95}},"branchMap":{"0":{"loc":{"start":{"line":20,"column":2},"end":{"line":26,"column":3}},"type":"if","locations":[{"start":{"line":20,"column":2},"end":{"line":26,"column":3}},{"start":{},"end":{}}],"line":20},"1":{"loc":{"start":{"line":28,"column":2},"end":{"line":34,"column":3}},"type":"if","locations":[{"start":{"line":28,"column":2},"end":{"line":34,"column":3}},{"start":{},"end":{}}],"line":28},"2":{"loc":{"start":{"line":61,"column":9},"end":{"line":83,"column":9}},"type":"cond-expr","locations":[{"start":{"line":62,"column":10},"end":{"line":80,"column":19}},{"start":{"line":82,"column":10},"end":{"line":82,"column":63}}],"line":61},"3":{"loc":{"start":{"line":61,"column":9},"end":{"line":61,"column":58}},"type":"binary-expr","locations":[{"start":{"line":61,"column":9},"end":{"line":61,"column":26}},{"start":{"line":61,"column":30},"end":{"line":61,"column":58}}],"line":61},"4":{"loc":{"start":{"line":92,"column":9},"end":{"line":114,"column":9}},"type":"cond-expr","locations":[{"start":{"line":93,"column":10},"end":{"line":111,"column":19}},{"start":{"line":113,"column":10},"end":{"line":113,"column":64}}],"line":92},"5":{"loc":{"start":{"line":92,"column":9},"end":{"line":92,"column":60}},"type":"binary-expr","locations":[{"start":{"line":92,"column":9},"end":{"line":92,"column":27}},{"start":{"line":92,"column":31},"end":{"line":92,"column":60}}],"line":92}},"s":{"0":1,"1":5,"2":5,"3":5,"4":1,"5":4,"6":1,"7":3,"8":2,"9":2},"f":{"0":5,"1":2,"2":2},"b":{"0":[1,4],"1":[1,3],"2":[2,1],"3":[3,3],"4":[2,1],"5":[3,3]},"_coverageSchema":"1a1c01bbd47fc00a2c39e90264f33305004495a9","hash":"59e794ba12ccc8845a2449cef0cf502cf4e2de2c"}
,"C:\\Users\\595-424-424 Temo\\Desktop\\Vandy\\VandyLostAndFound\\frontend\\src\\pages\\VerifyEmail.jsx": {"path":"C:\\Users\\595-424-424 Temo\\Desktop\\Vandy\\VandyLostAndFound\\frontend\\src\\pages\\VerifyEmail.jsx","statementMap":{"0":{"start":{"line":16,"column":15},"end":{"line":100,"column":1}},"1":{"start":{"line":17,"column":28},"end":{"line":17,"column":40}},"2":{"start":{"line":18,"column":26},"end":{"line":18,"column":38}},"3":{"start":{"line":19,"column":32},"end":{"line":19,"column":47}},"4":{"start":{"line":20,"column":16},"end":{"line":20,"column":26}},"5":{"start":{"line":21,"column":19},"end":{"line":21,"column":32}},"6":{"start":{"line":22,"column":20},"end":{"line":22,"column":29}},"7":{"start":{"line":24,"column":23},"end":{"line":65,"column":3}},"8":{"start":{"line":25,"column":4},"end":{"line":25,"column":23}},"9":{"start":{"line":26,"column":4},"end":{"line":26,"column":21}},"10":{"start":{"line":27,"column":4},"end":{"line":64,"column":5}},"11":{"start":{"line":28,"column":23},"end":{"line":32,"column":8}},"12":{"start":{"line":34,"column":19},"end":{"line":34,"column":40}},"13":{"start":{"line":35,"column":6},"end":{"line":53,"column":7}},"14":{"start":{"line":36,"column":8},"end":{"line":42,"column":11}},"15":{"start":{"line":43,"column":8},"end":{"line":43,"column":26}},"16":{"start":{"line":44,"column":8},"end":{"line":44,"column":22}},"17":{"start":{"line":46,"column":8},"end":{"line":52,"column":11}},"18":{"start":{"line":55,"column":6},"end":{"line":61,"column":9}},"19":{"start":{"line":63,"column":6},"end":{"line":63,"column":24}},"20":{"start":{"line":67,"column":2},"end":{"line":99,"column":4}},"21":{"start":{"line":79,"column":31},"end":{"line":79,"column":55}},"22":{"start":{"line":89,"column":31},"end":{"line":89,"column":54}}},"fnMap":{"0":{"name":"(anonymous_0)","decl":{"start":{"line":16,"column":15},"end":{"line":16,"column":16}},"loc":{"start":{"line":16,"column":21},"end":{"line":100,"column":1}},"line":16},"1":{"name":"(anonymous_1)","decl":{"start":{"line":24,"column":23},"end":{"line":24,"column":24}},"loc":{"start":{"line":24,"column":36},"end":{"line":65,"column":3}},"line":24},"2":{"name":"(anonymous_2)","decl":{"start":{"line":79,"column":24},"end":{"line":79,"column":25}},"loc":{"start":{"line":79,"column":31},"end":{"line":79,"column":55}},"line":79},"3":{"name":"(anonymous_3)","decl":{"start":{"line":89,"column":24},"end":{"line":89,"column":25}},"loc":{"start":{"line":89,"column":31},"end":{"line":89,"column":54}},"line":89}},"branchMap":{"0":{"loc":{"start":{"line":35,"column":6},"end":{"line":53,"column":7}},"type":"if","locations":[{"start":{"line":35,"column":6},"end":{"line":53,"column":7}},{"start":{"line":45,"column":13},"end":{"line":53,"column":7}}],"line":35},"1":{"loc":{"start":{"line":48,"column":23},"end":{"line":48,"column":75}},"type":"binary-expr","locations":[{"start":{"line":48,"column":23},"end":{"line":48,"column":31}},{"start":{"line":48,"column":35},"end":{"line":48,"column":75}}],"line":48}},"s":{"0":1,"1":16,"2":16,"3":16,"4":16,"5":16,"6":16,"7":16,"8":3,"9":3,"10":3,"11":3,"12":2,"13":2,"14":1,"15":1,"16":1,"17":1,"18":1,"19":3,"20":16,"21":3,"22":3},"f":{"0":16,"1":3,"2":3,"3":3},"b":{"0":[1,1],"1":[1,0]},"_coverageSchema":"1a1c01bbd47fc00a2c39e90264f33305004495a9","hash":"b2da773896ca3313406c68a4cdb26a6f321ba86a"}
}
