{"C:\\Users\\595-424-424 Temo\\Desktop\\Vandy\\Spring 2025\\Software Eng\\VandyLostAndFound\\frontend\\src\\components\\ui\\close-button.jsx": {"path":"C:\\Users\\595-424-424 Temo\\Desktop\\Vandy\\Spring 2025\\Software Eng\\VandyLostAndFound\\frontend\\src\\components\\ui\\close-button.jsx","statementMap":{"0":{"start":{"line":2,"column":2},"end":{"line":6,"column":3}},"1":{"start":{"line":3,"column":4},"end":{"line":3,"column":14}},"2":{"start":{"line":5,"column":4},"end":{"line":5,"column":18}},"3":{"start":{"line":12,"column":27},"end":{"line":20,"column":2}},"4":{"start":{"line":13,"column":2},"end":{"line":19,"column":3}},"5":{"start":{"line":16,"column":8},"end":{"line":16,"column":15}}},"fnMap":{"0":{"name":"_nullishCoalesce","decl":{"start":{"line":1,"column":9},"end":{"line":1,"column":25}},"loc":{"start":{"line":1,"column":38},"end":{"line":7,"column":1}},"line":1},"1":{"name":"CloseButton","decl":{"start":{"line":12,"column":53},"end":{"line":12,"column":64}},"loc":{"start":{"line":12,"column":77},"end":{"line":20,"column":1}},"line":12},"2":{"name":"(anonymous_2)","decl":{"start":{"line":15,"column":40},"end":{"line":15,"column":41}},"loc":{"start":{"line":16,"column":8},"end":{"line":16,"column":15}},"line":16}},"branchMap":{"0":{"loc":{"start":{"line":2,"column":2},"end":{"line":6,"column":3}},"type":"if","locations":[{"start":{"line":2,"column":2},"end":{"line":6,"column":3}},{"start":{"line":4,"column":9},"end":{"line":6,"column":3}}],"line":2}},"s":{"0":2,"1":1,"2":1,"3":2,"4":2,"5":1},"f":{"0":2,"1":2,"2":1},"b":{"0":[1,1]},"_coverageSchema":"1a1c01bbd47fc00a2c39e90264f33305004495a9","hash":"1bdc1fb2b53bb8864fb1f4c494f41dd6411f9e28"}
,"C:\\Users\\595-424-424 Temo\\Desktop\\Vandy\\Spring 2025\\Software Eng\\VandyLostAndFound\\frontend\\src\\components\\ui\\color-mode.jsx": {"path":"C:\\Users\\595-424-424 Temo\\Desktop\\Vandy\\Spring 2025\\Software Eng\\VandyLostAndFound\\frontend\\src\\components\\ui\\color-mode.jsx","statementMap":{"0":{"start":{"line":10,"column":2},"end":{"line":12,"column":3}},"1":{"start":{"line":16,"column":38},"end":{"line":16,"column":48}},"2":{"start":{"line":17,"column":26},"end":{"line":19,"column":3}},"3":{"start":{"line":18,"column":4},"end":{"line":18,"column":58}},"4":{"start":{"line":20,"column":2},"end":{"line":24,"column":3}},"5":{"start":{"line":28,"column":24},"end":{"line":28,"column":38}},"6":{"start":{"line":29,"column":2},"end":{"line":29,"column":44}},"7":{"start":{"line":33,"column":24},"end":{"line":33,"column":38}},"8":{"start":{"line":34,"column":2},"end":{"line":34,"column":54}},"9":{"start":{"line":37,"column":31},"end":{"line":61,"column":1}},"10":{"start":{"line":39,"column":32},"end":{"line":39,"column":46}},"11":{"start":{"line":40,"column":4},"end":{"line":59,"column":5}}},"fnMap":{"0":{"name":"ColorModeProvider","decl":{"start":{"line":9,"column":16},"end":{"line":9,"column":33}},"loc":{"start":{"line":9,"column":41},"end":{"line":13,"column":1}},"line":9},"1":{"name":"useColorMode","decl":{"start":{"line":15,"column":16},"end":{"line":15,"column":28}},"loc":{"start":{"line":15,"column":31},"end":{"line":25,"column":1}},"line":15},"2":{"name":"(anonymous_2)","decl":{"start":{"line":17,"column":26},"end":{"line":17,"column":27}},"loc":{"start":{"line":17,"column":32},"end":{"line":19,"column":3}},"line":17},"3":{"name":"useColorModeValue","decl":{"start":{"line":27,"column":16},"end":{"line":27,"column":33}},"loc":{"start":{"line":27,"column":47},"end":{"line":30,"column":1}},"line":27},"4":{"name":"ColorModeIcon","decl":{"start":{"line":32,"column":16},"end":{"line":32,"column":29}},"loc":{"start":{"line":32,"column":32},"end":{"line":35,"column":1}},"line":32},"5":{"name":"ColorModeButton","decl":{"start":{"line":38,"column":11},"end":{"line":38,"column":26}},"loc":{"start":{"line":38,"column":39},"end":{"line":60,"column":3}},"line":38}},"branchMap":{"0":{"loc":{"start":{"line":18,"column":13},"end":{"line":18,"column":57}},"type":"cond-expr","locations":[{"start":{"line":18,"column":41},"end":{"line":18,"column":47}},{"start":{"line":18,"column":50},"end":{"line":18,"column":57}}],"line":18},"1":{"loc":{"start":{"line":29,"column":9},"end":{"line":29,"column":44}},"type":"cond-expr","locations":[{"start":{"line":29,"column":32},"end":{"line":29,"column":36}},{"start":{"line":29,"column":39},"end":{"line":29,"column":44}}],"line":29},"2":{"loc":{"start":{"line":34,"column":9},"end":{"line":34,"column":54}},"type":"cond-expr","locations":[{"start":{"line":34,"column":32},"end":{"line":34,"column":42}},{"start":{"line":34,"column":45},"end":{"line":34,"column":54}}],"line":34}},"s":{"0":3,"1":4,"2":4,"3":1,"4":4,"5":1,"6":1,"7":2,"8":2,"9":2,"10":1,"11":1},"f":{"0":3,"1":4,"2":1,"3":1,"4":2,"5":1},"b":{"0":[1,0],"1":[0,1],"2":[0,2]},"_coverageSchema":"1a1c01bbd47fc00a2c39e90264f33305004495a9","hash":"64f4bc4df7ceaa1ebdb6190a41907922491829d0"}
,"C:\\Users\\595-424-424 Temo\\Desktop\\Vandy\\Spring 2025\\Software Eng\\VandyLostAndFound\\frontend\\src\\components\\ui\\dialog.jsx": {"path":"C:\\Users\\595-424-424 Temo\\Desktop\\Vandy\\Spring 2025\\Software Eng\\VandyLostAndFound\\frontend\\src\\components\\ui\\dialog.jsx","statementMap":{"0":{"start":{"line":5,"column":29},"end":{"line":26,"column":1}},"1":{"start":{"line":13,"column":8},"end":{"line":13,"column":13}},"2":{"start":{"line":15,"column":4},"end":{"line":24,"column":5}},"3":{"start":{"line":28,"column":34},"end":{"line":44,"column":1}},"4":{"start":{"line":30,"column":4},"end":{"line":42,"column":5}},"5":{"start":{"line":46,"column":26},"end":{"line":46,"column":43}},"6":{"start":{"line":47,"column":28},"end":{"line":47,"column":47}},"7":{"start":{"line":48,"column":28},"end":{"line":48,"column":47}},"8":{"start":{"line":49,"column":26},"end":{"line":49,"column":43}},"9":{"start":{"line":50,"column":30},"end":{"line":50,"column":51}},"10":{"start":{"line":51,"column":27},"end":{"line":51,"column":45}},"11":{"start":{"line":52,"column":33},"end":{"line":52,"column":57}},"12":{"start":{"line":53,"column":29},"end":{"line":53,"column":49}},"13":{"start":{"line":54,"column":35},"end":{"line":54,"column":61}}},"fnMap":{"0":{"name":"DialogContent","decl":{"start":{"line":6,"column":11},"end":{"line":6,"column":24}},"loc":{"start":{"line":6,"column":37},"end":{"line":25,"column":3}},"line":6},"1":{"name":"DialogCloseTrigger","decl":{"start":{"line":29,"column":11},"end":{"line":29,"column":29}},"loc":{"start":{"line":29,"column":42},"end":{"line":43,"column":3}},"line":29}},"branchMap":{"0":{"loc":{"start":{"line":9,"column":6},"end":{"line":9,"column":22}},"type":"default-arg","locations":[{"start":{"line":9,"column":18},"end":{"line":9,"column":22}}],"line":9},"1":{"loc":{"start":{"line":11,"column":6},"end":{"line":11,"column":21}},"type":"default-arg","locations":[{"start":{"line":11,"column":17},"end":{"line":11,"column":21}}],"line":11},"2":{"loc":{"start":{"line":17,"column":9},"end":{"line":17,"column":46}},"type":"binary-expr","locations":[{"start":{"line":17,"column":9},"end":{"line":17,"column":17}},{"start":{"line":17,"column":21},"end":{"line":17,"column":46}}],"line":17}},"s":{"0":1,"1":2,"2":1,"3":1,"4":2,"5":1,"6":1,"7":1,"8":1,"9":1,"10":1,"11":1,"12":1,"13":1},"f":{"0":2,"1":2},"b":{"0":[1],"1":[1],"2":[1,1]},"_coverageSchema":"1a1c01bbd47fc00a2c39e90264f33305004495a9","hash":"536c33c4c07ec49139ba64d41874fc746fdb8100"}
,"C:\\Users\\595-424-424 Temo\\Desktop\\Vandy\\Spring 2025\\Software Eng\\VandyLostAndFound\\frontend\\src\\components\\ui\\drawer.jsx": {"path":"C:\\Users\\595-424-424 Temo\\Desktop\\Vandy\\Spring 2025\\Software Eng\\VandyLostAndFound\\frontend\\src\\components\\ui\\drawer.jsx","statementMap":{"0":{"start":{"line":5,"column":29},"end":{"line":18,"column":1}},"1":{"start":{"line":7,"column":71},"end":{"line":7,"column":76}},"2":{"start":{"line":8,"column":4},"end":{"line":16,"column":5}},"3":{"start":{"line":20,"column":34},"end":{"line":34,"column":1}},"4":{"start":{"line":22,"column":4},"end":{"line":32,"column":5}},"5":{"start":{"line":36,"column":29},"end":{"line":36,"column":49}},"6":{"start":{"line":37,"column":26},"end":{"line":37,"column":43}},"7":{"start":{"line":38,"column":28},"end":{"line":38,"column":47}},"8":{"start":{"line":39,"column":28},"end":{"line":39,"column":47}},"9":{"start":{"line":40,"column":26},"end":{"line":40,"column":43}},"10":{"start":{"line":41,"column":30},"end":{"line":41,"column":51}},"11":{"start":{"line":42,"column":33},"end":{"line":42,"column":57}},"12":{"start":{"line":43,"column":27},"end":{"line":43,"column":45}},"13":{"start":{"line":44,"column":35},"end":{"line":44,"column":61}}},"fnMap":{"0":{"name":"DrawerContent","decl":{"start":{"line":6,"column":11},"end":{"line":6,"column":24}},"loc":{"start":{"line":6,"column":37},"end":{"line":17,"column":3}},"line":6},"1":{"name":"DrawerCloseTrigger","decl":{"start":{"line":21,"column":11},"end":{"line":21,"column":29}},"loc":{"start":{"line":21,"column":42},"end":{"line":33,"column":3}},"line":21}},"branchMap":{"0":{"loc":{"start":{"line":7,"column":22},"end":{"line":7,"column":38}},"type":"default-arg","locations":[{"start":{"line":7,"column":34},"end":{"line":7,"column":38}}],"line":7}},"s":{"0":1,"1":2,"2":1,"3":1,"4":2,"5":1,"6":1,"7":1,"8":1,"9":1,"10":1,"11":1,"12":1,"13":1},"f":{"0":2,"1":2},"b":{"0":[1]},"_coverageSchema":"1a1c01bbd47fc00a2c39e90264f33305004495a9","hash":"7590e0b0e0f58f6a43f687e2dff7db55792dc0af"}
,"C:\\Users\\595-424-424 Temo\\Desktop\\Vandy\\Spring 2025\\Software Eng\\VandyLostAndFound\\frontend\\src\\components\\ui\\field.jsx": {"path":"C:\\Users\\595-424-424 Temo\\Desktop\\Vandy\\Spring 2025\\Software Eng\\VandyLostAndFound\\frontend\\src\\components\\ui\\field.jsx","statementMap":{"0":{"start":{"line":4,"column":21},"end":{"line":22,"column":2}},"1":{"start":{"line":6,"column":4},"end":{"line":6,"column":9}},"2":{"start":{"line":7,"column":2},"end":{"line":21,"column":3}}},"fnMap":{"0":{"name":"Field","decl":{"start":{"line":4,"column":47},"end":{"line":4,"column":52}},"loc":{"start":{"line":4,"column":65},"end":{"line":22,"column":1}},"line":4}},"branchMap":{"0":{"loc":{"start":{"line":9,"column":7},"end":{"line":14,"column":7}},"type":"binary-expr","locations":[{"start":{"line":9,"column":7},"end":{"line":9,"column":12}},{"start":{"line":10,"column":8},"end":{"line":13,"column":28}}],"line":9},"1":{"loc":{"start":{"line":16,"column":7},"end":{"line":18,"column":7}},"type":"binary-expr","locations":[{"start":{"line":16,"column":7},"end":{"line":16,"column":17}},{"start":{"line":17,"column":8},"end":{"line":17,"column":69}}],"line":16},"2":{"loc":{"start":{"line":19,"column":7},"end":{"line":19,"column":78}},"type":"binary-expr","locations":[{"start":{"line":19,"column":7},"end":{"line":19,"column":16}},{"start":{"line":19,"column":20},"end":{"line":19,"column":78}}],"line":19}},"s":{"0":1,"1":3,"2":3},"f":{"0":3},"b":{"0":[3,1],"1":[3,1],"2":[3,1]},"_coverageSchema":"1a1c01bbd47fc00a2c39e90264f33305004495a9","hash":"d1ad8286d3dcc05514f9fc97b857a8cf5214f8d4"}
,"C:\\Users\\595-424-424 Temo\\Desktop\\Vandy\\Spring 2025\\Software Eng\\VandyLostAndFound\\frontend\\src\\components\\ui\\input-group.jsx": {"path":"C:\\Users\\595-424-424 Temo\\Desktop\\Vandy\\Spring 2025\\Software Eng\\VandyLostAndFound\\frontend\\src\\components\\ui\\input-group.jsx","statementMap":{"0":{"start":{"line":8,"column":26},"end":{"line":46,"column":2}},"1":{"start":{"line":18,"column":6},"end":{"line":18,"column":11}},"2":{"start":{"line":20,"column":16},"end":{"line":20,"column":45}},"3":{"start":{"line":22,"column":2},"end":{"line":45,"column":4}}},"fnMap":{"0":{"name":"InputGroup","decl":{"start":{"line":8,"column":52},"end":{"line":8,"column":62}},"loc":{"start":{"line":8,"column":75},"end":{"line":46,"column":1}},"line":8}},"branchMap":{"0":{"loc":{"start":{"line":15,"column":4},"end":{"line":15,"column":23}},"type":"default-arg","locations":[{"start":{"line":15,"column":18},"end":{"line":15,"column":23}}],"line":15},"1":{"loc":{"start":{"line":16,"column":4},"end":{"line":16,"column":21}},"type":"default-arg","locations":[{"start":{"line":16,"column":16},"end":{"line":16,"column":21}}],"line":16},"2":{"loc":{"start":{"line":24,"column":7},"end":{"line":28,"column":7}},"type":"binary-expr","locations":[{"start":{"line":24,"column":7},"end":{"line":24,"column":19}},{"start":{"line":25,"column":8},"end":{"line":27,"column":27}}],"line":24},"3":{"loc":{"start":{"line":31,"column":12},"end":{"line":33,"column":9}},"type":"binary-expr","locations":[{"start":{"line":31,"column":12},"end":{"line":31,"column":24}},{"start":{"line":31,"column":28},"end":{"line":33,"column":9}}],"line":31},"4":{"loc":{"start":{"line":34,"column":12},"end":{"line":36,"column":9}},"type":"binary-expr","locations":[{"start":{"line":34,"column":12},"end":{"line":34,"column":22}},{"start":{"line":34,"column":26},"end":{"line":36,"column":9}}],"line":34},"5":{"loc":{"start":{"line":39,"column":7},"end":{"line":43,"column":7}},"type":"binary-expr","locations":[{"start":{"line":39,"column":7},"end":{"line":39,"column":17}},{"start":{"line":40,"column":8},"end":{"line":42,"column":28}}],"line":39}},"s":{"0":1,"1":4,"2":4,"3":4},"f":{"0":4},"b":{"0":[3],"1":[3],"2":[4,2],"3":[4,2],"4":[4,2],"5":[4,2]},"_coverageSchema":"1a1c01bbd47fc00a2c39e90264f33305004495a9","hash":"82f557364e14a4d5a7540cd1fbeaec34d168aa13"}
,"C:\\Users\\595-424-424 Temo\\Desktop\\Vandy\\Spring 2025\\Software Eng\\VandyLostAndFound\\frontend\\src\\components\\ui\\provider.jsx": {"path":"C:\\Users\\595-424-424 Temo\\Desktop\\Vandy\\Spring 2025\\Software Eng\\VandyLostAndFound\\frontend\\src\\components\\ui\\provider.jsx","statementMap":{"0":{"start":{"line":8,"column":2},"end":{"line":12,"column":3}}},"fnMap":{"0":{"name":"Provider","decl":{"start":{"line":7,"column":16},"end":{"line":7,"column":24}},"loc":{"start":{"line":7,"column":32},"end":{"line":13,"column":1}},"line":7}},"branchMap":{},"s":{"0":3},"f":{"0":3},"b":{},"_coverageSchema":"1a1c01bbd47fc00a2c39e90264f33305004495a9","hash":"00d038cb2c2b3f4d0e66e1defbaa051ea588a531"}
,"C:\\Users\\595-424-424 Temo\\Desktop\\Vandy\\Spring 2025\\Software Eng\\VandyLostAndFound\\frontend\\src\\components\\ui\\radio.jsx": {"path":"C:\\Users\\595-424-424 Temo\\Desktop\\Vandy\\Spring 2025\\Software Eng\\VandyLostAndFound\\frontend\\src\\components\\ui\\radio.jsx","statementMap":{"0":{"start":{"line":4,"column":21},"end":{"line":4,"column":32}},"1":{"start":{"line":5,"column":26},"end":{"line":5,"column":42}}},"fnMap":{},"branchMap":{},"s":{"0":1,"1":1},"f":{},"b":{},"_coverageSchema":"1a1c01bbd47fc00a2c39e90264f33305004495a9","hash":"21c5cde8ce3bfe05dfc60ae57fa4f0186c482824"}
,"C:\\Users\\595-424-424 Temo\\Desktop\\Vandy\\Spring 2025\\Software Eng\\VandyLostAndFound\\frontend\\src\\components\\ui\\slider.jsx": {"path":"C:\\Users\\595-424-424 Temo\\Desktop\\Vandy\\Spring 2025\\Software Eng\\VandyLostAndFound\\frontend\\src\\components\\ui\\slider.jsx","statementMap":{"0":{"start":{"line":2,"column":2},"end":{"line":6,"column":3}},"1":{"start":{"line":3,"column":4},"end":{"line":3,"column":14}},"2":{"start":{"line":5,"column":4},"end":{"line":5,"column":18}},"3":{"start":{"line":9,"column":22},"end":{"line":9,"column":31}},"4":{"start":{"line":10,"column":14},"end":{"line":10,"column":20}},"5":{"start":{"line":11,"column":10},"end":{"line":11,"column":11}},"6":{"start":{"line":12,"column":2},"end":{"line":26,"column":3}},"7":{"start":{"line":13,"column":15},"end":{"line":13,"column":21}},"8":{"start":{"line":14,"column":15},"end":{"line":14,"column":25}},"9":{"start":{"line":15,"column":4},"end":{"line":15,"column":10}},"10":{"start":{"line":16,"column":4},"end":{"line":18,"column":5}},"11":{"start":{"line":17,"column":6},"end":{"line":17,"column":22}},"12":{"start":{"line":19,"column":4},"end":{"line":25,"column":5}},"13":{"start":{"line":20,"column":6},"end":{"line":20,"column":27}},"14":{"start":{"line":21,"column":6},"end":{"line":21,"column":23}},"15":{"start":{"line":22,"column":11},"end":{"line":25,"column":5}},"16":{"start":{"line":23,"column":6},"end":{"line":23,"column":65}},"17":{"start":{"line":23,"column":30},"end":{"line":23,"column":64}},"18":{"start":{"line":24,"column":6},"end":{"line":24,"column":31}},"19":{"start":{"line":27,"column":2},"end":{"line":27,"column":14}},"20":{"start":{"line":32,"column":22},"end":{"line":74,"column":2}},"21":{"start":{"line":33,"column":58},"end":{"line":33,"column":63}},"22":{"start":{"line":34,"column":16},"end":{"line":34,"column":71}},"23":{"start":{"line":34,"column":59},"end":{"line":34,"column":70}},"24":{"start":{"line":36,"column":16},"end":{"line":46,"column":4}},"25":{"start":{"line":39,"column":12},"end":{"line":39,"column":18}},"26":{"start":{"line":42,"column":6},"end":{"line":45,"column":8}},"27":{"start":{"line":43,"column":8},"end":{"line":43,"column":78}},"28":{"start":{"line":43,"column":38},"end":{"line":43,"column":78}},"29":{"start":{"line":44,"column":8},"end":{"line":44,"column":19}},"30":{"start":{"line":48,"column":23},"end":{"line":54,"column":4}},"31":{"start":{"line":51,"column":12},"end":{"line":51,"column":19}},"32":{"start":{"line":53,"column":12},"end":{"line":53,"column":36}},"33":{"start":{"line":53,"column":25},"end":{"line":53,"column":35}},"34":{"start":{"line":56,"column":2},"end":{"line":73,"column":3}},"35":{"start":{"line":77,"column":20},"end":{"line":77,"column":25}},"36":{"start":{"line":78,"column":2},"end":{"line":86,"column":3}},"37":{"start":{"line":81,"column":8},"end":{"line":83,"column":29}},"38":{"start":{"line":89,"column":20},"end":{"line":107,"column":2}},"39":{"start":{"line":90,"column":20},"end":{"line":90,"column":25}},"40":{"start":{"line":91,"column":2},"end":{"line":91,"column":80}},"41":{"start":{"line":91,"column":56},"end":{"line":91,"column":65}},"42":{"start":{"line":91,"column":69},"end":{"line":91,"column":80}},"43":{"start":{"line":93,"column":2},"end":{"line":106,"column":3}},"44":{"start":{"line":96,"column":22},"end":{"line":96,"column":66}},"45":{"start":{"line":97,"column":22},"end":{"line":97,"column":71}},"46":{"start":{"line":98,"column":8},"end":{"line":103,"column":9}}},"fnMap":{"0":{"name":"_nullishCoalesce","decl":{"start":{"line":1,"column":9},"end":{"line":1,"column":25}},"loc":{"start":{"line":1,"column":38},"end":{"line":7,"column":1}},"line":1},"1":{"name":"_optionalChain","decl":{"start":{"line":8,"column":9},"end":{"line":8,"column":23}},"loc":{"start":{"line":8,"column":29},"end":{"line":28,"column":1}},"line":8},"2":{"name":"(anonymous_2)","decl":{"start":{"line":23,"column":17},"end":{"line":23,"column":18}},"loc":{"start":{"line":23,"column":30},"end":{"line":23,"column":64}},"line":23},"3":{"name":"Slider","decl":{"start":{"line":32,"column":48},"end":{"line":32,"column":54}},"loc":{"start":{"line":32,"column":67},"end":{"line":74,"column":1}},"line":32},"4":{"name":"(anonymous_4)","decl":{"start":{"line":34,"column":53},"end":{"line":34,"column":54}},"loc":{"start":{"line":34,"column":59},"end":{"line":34,"column":70}},"line":34},"5":{"name":"(anonymous_5)","decl":{"start":{"line":39,"column":4},"end":{"line":39,"column":5}},"loc":{"start":{"line":39,"column":12},"end":{"line":39,"column":18}},"line":39},"6":{"name":"(anonymous_6)","decl":{"start":{"line":41,"column":4},"end":{"line":41,"column":5}},"loc":{"start":{"line":42,"column":6},"end":{"line":45,"column":8}},"line":42},"7":{"name":"(anonymous_7)","decl":{"start":{"line":42,"column":9},"end":{"line":42,"column":10}},"loc":{"start":{"line":42,"column":19},"end":{"line":45,"column":7}},"line":42},"8":{"name":"(anonymous_8)","decl":{"start":{"line":51,"column":4},"end":{"line":51,"column":5}},"loc":{"start":{"line":51,"column":12},"end":{"line":51,"column":19}},"line":51},"9":{"name":"(anonymous_9)","decl":{"start":{"line":53,"column":4},"end":{"line":53,"column":5}},"loc":{"start":{"line":53,"column":12},"end":{"line":53,"column":36}},"line":53},"10":{"name":"(anonymous_10)","decl":{"start":{"line":53,"column":15},"end":{"line":53,"column":16}},"loc":{"start":{"line":53,"column":25},"end":{"line":53,"column":35}},"line":53},"11":{"name":"SliderThumbs","decl":{"start":{"line":76,"column":9},"end":{"line":76,"column":21}},"loc":{"start":{"line":76,"column":29},"end":{"line":87,"column":1}},"line":76},"12":{"name":"(anonymous_12)","decl":{"start":{"line":80,"column":7},"end":{"line":80,"column":8}},"loc":{"start":{"line":81,"column":8},"end":{"line":83,"column":29}},"line":81},"13":{"name":"SliderMarks","decl":{"start":{"line":89,"column":46},"end":{"line":89,"column":57}},"loc":{"start":{"line":89,"column":70},"end":{"line":107,"column":1}},"line":89},"14":{"name":"(anonymous_14)","decl":{"start":{"line":91,"column":48},"end":{"line":91,"column":49}},"loc":{"start":{"line":91,"column":56},"end":{"line":91,"column":65}},"line":91},"15":{"name":"(anonymous_15)","decl":{"start":{"line":95,"column":17},"end":{"line":95,"column":18}},"loc":{"start":{"line":95,"column":34},"end":{"line":104,"column":7}},"line":95}},"branchMap":{"0":{"loc":{"start":{"line":2,"column":2},"end":{"line":6,"column":3}},"type":"if","locations":[{"start":{"line":2,"column":2},"end":{"line":6,"column":3}},{"start":{"line":4,"column":9},"end":{"line":6,"column":3}}],"line":2},"1":{"loc":{"start":{"line":16,"column":4},"end":{"line":18,"column":5}},"type":"if","locations":[{"start":{"line":16,"column":4},"end":{"line":18,"column":5}},{"start":{},"end":{}}],"line":16},"2":{"loc":{"start":{"line":16,"column":8},"end":{"line":16,"column":75}},"type":"binary-expr","locations":[{"start":{"line":16,"column":9},"end":{"line":16,"column":32}},{"start":{"line":16,"column":36},"end":{"line":16,"column":57}},{"start":{"line":16,"column":62},"end":{"line":16,"column":75}}],"line":16},"3":{"loc":{"start":{"line":19,"column":4},"end":{"line":25,"column":5}},"type":"if","locations":[{"start":{"line":19,"column":4},"end":{"line":25,"column":5}},{"start":{"line":22,"column":11},"end":{"line":25,"column":5}}],"line":19},"4":{"loc":{"start":{"line":19,"column":8},"end":{"line":19,"column":50}},"type":"binary-expr","locations":[{"start":{"line":19,"column":8},"end":{"line":19,"column":23}},{"start":{"line":19,"column":27},"end":{"line":19,"column":50}}],"line":19},"5":{"loc":{"start":{"line":22,"column":11},"end":{"line":25,"column":5}},"type":"if","locations":[{"start":{"line":22,"column":11},"end":{"line":25,"column":5}},{"start":{},"end":{}}],"line":22},"6":{"loc":{"start":{"line":22,"column":15},"end":{"line":22,"column":53}},"type":"binary-expr","locations":[{"start":{"line":22,"column":15},"end":{"line":22,"column":28}},{"start":{"line":22,"column":32},"end":{"line":22,"column":53}}],"line":22},"7":{"loc":{"start":{"line":43,"column":8},"end":{"line":43,"column":78}},"type":"if","locations":[{"start":{"line":43,"column":8},"end":{"line":43,"column":78}},{"start":{},"end":{}}],"line":43},"8":{"loc":{"start":{"line":58,"column":7},"end":{"line":58,"column":78}},"type":"binary-expr","locations":[{"start":{"line":58,"column":7},"end":{"line":58,"column":12}},{"start":{"line":58,"column":16},"end":{"line":58,"column":26}},{"start":{"line":58,"column":30},"end":{"line":58,"column":78}}],"line":58},"9":{"loc":{"start":{"line":59,"column":7},"end":{"line":64,"column":7}},"type":"binary-expr","locations":[{"start":{"line":59,"column":7},"end":{"line":59,"column":12}},{"start":{"line":59,"column":16},"end":{"line":59,"column":25}},{"start":{"line":60,"column":8},"end":{"line":63,"column":17}}],"line":59},"10":{"loc":{"start":{"line":65,"column":49},"end":{"line":65,"column":74}},"type":"binary-expr","locations":[{"start":{"line":65,"column":49},"end":{"line":65,"column":61}},{"start":{"line":65,"column":65},"end":{"line":65,"column":74}}],"line":65},"11":{"loc":{"start":{"line":91,"column":2},"end":{"line":91,"column":80}},"type":"if","locations":[{"start":{"line":91,"column":2},"end":{"line":91,"column":80}},{"start":{},"end":{}}],"line":91},"12":{"loc":{"start":{"line":96,"column":22},"end":{"line":96,"column":66}},"type":"cond-expr","locations":[{"start":{"line":96,"column":49},"end":{"line":96,"column":53}},{"start":{"line":96,"column":56},"end":{"line":96,"column":66}}],"line":96},"13":{"loc":{"start":{"line":97,"column":22},"end":{"line":97,"column":71}},"type":"cond-expr","locations":[{"start":{"line":97,"column":49},"end":{"line":97,"column":58}},{"start":{"line":97,"column":61},"end":{"line":97,"column":71}}],"line":97}},"s":{"0":8,"1":8,"2":0,"3":16,"4":16,"5":16,"6":16,"7":24,"8":24,"9":24,"10":24,"11":8,"12":16,"13":8,"14":8,"15":8,"16":8,"17":8,"18":8,"19":8,"20":1,"21":9,"22":8,"23":0,"24":8,"25":4,"26":4,"27":12,"28":0,"29":12,"30":8,"31":4,"32":4,"33":4,"34":8,"35":0,"36":0,"37":0,"38":1,"39":0,"40":0,"41":0,"42":0,"43":0,"44":0,"45":0,"46":0},"f":{"0":8,"1":16,"2":8,"3":9,"4":0,"5":4,"6":4,"7":12,"8":4,"9":4,"10":4,"11":0,"12":0,"13":0,"14":0,"15":0},"b":{"0":[8,0],"1":[8,16],"2":[24,8,16],"3":[8,8],"4":[16,16],"5":[8,0],"6":[8,0],"7":[0,12],"8":[8,8,8],"9":[8,8,0],"10":[8,4],"11":[0,0],"12":[0,0],"13":[0,0]},"_coverageSchema":"1a1c01bbd47fc00a2c39e90264f33305004495a9","hash":"941d38908a29ebc81d7f6671951a7f4331384c6f"}
,"C:\\Users\\595-424-424 Temo\\Desktop\\Vandy\\Spring 2025\\Software Eng\\VandyLostAndFound\\frontend\\src\\components\\ui\\tooltip.jsx": {"path":"C:\\Users\\595-424-424 Temo\\Desktop\\Vandy\\Spring 2025\\Software Eng\\VandyLostAndFound\\frontend\\src\\components\\ui\\tooltip.jsx","statementMap":{"0":{"start":{"line":4,"column":23},"end":{"line":35,"column":2}},"1":{"start":{"line":14,"column":6},"end":{"line":14,"column":11}},"2":{"start":{"line":16,"column":2},"end":{"line":16,"column":31}},"3":{"start":{"line":16,"column":16},"end":{"line":16,"column":31}},"4":{"start":{"line":18,"column":2},"end":{"line":34,"column":3}}},"fnMap":{"0":{"name":"Tooltip","decl":{"start":{"line":4,"column":49},"end":{"line":4,"column":56}},"loc":{"start":{"line":4,"column":69},"end":{"line":35,"column":1}},"line":4}},"branchMap":{"0":{"loc":{"start":{"line":9,"column":4},"end":{"line":9,"column":20}},"type":"default-arg","locations":[{"start":{"line":9,"column":16},"end":{"line":9,"column":20}}],"line":9},"1":{"loc":{"start":{"line":16,"column":2},"end":{"line":16,"column":31}},"type":"if","locations":[{"start":{"line":16,"column":2},"end":{"line":16,"column":31}},{"start":{},"end":{}}],"line":16},"2":{"loc":{"start":{"line":24,"column":13},"end":{"line":28,"column":13}},"type":"binary-expr","locations":[{"start":{"line":24,"column":13},"end":{"line":24,"column":22}},{"start":{"line":25,"column":14},"end":{"line":27,"column":36}}],"line":24}},"s":{"0":1,"1":6,"2":5,"3":1,"4":4},"f":{"0":6},"b":{"0":[5],"1":[1,4],"2":[4,4]},"_coverageSchema":"1a1c01bbd47fc00a2c39e90264f33305004495a9","hash":"f2524c59ec1a23fc7e4934e42b926d99de7cfcf7"}
}
