TN:
SF:src\components\ItemCard.jsx
FN:14,(anonymous_0)
FN:25,(anonymous_1)
FNF:2
FNH:1
FNDA:4,(anonymous_0)
FNDA:0,(anonymous_1)
DA:14,1
DA:15,4
DA:18,4
DA:19,4
DA:21,4
DA:22,4
DA:23,4
DA:25,4
DA:26,0
DA:27,0
DA:29,0
DA:33,4
DA:39,4
DA:40,4
DA:42,4
LF:15
LH:12
BRDA:26,0,0,0
BRDA:26,0,1,0
BRDA:33,1,0,0
BRDA:33,1,1,4
BRDA:34,2,0,0
BRDA:34,2,1,0
BRDA:54,3,0,0
BRDA:54,3,1,4
BRF:8
BRH:2
end_of_record
TN:
SF:src\components\ui\close-button.jsx
FN:1,_nullishCoalesce
FN:12,CloseButton
FN:15,(anonymous_2)
FNF:3
FNH:3
FNDA:2,_nullishCoalesce
FNDA:2,CloseButton
FNDA:1,(anonymous_2)
DA:2,2
DA:3,1
DA:5,1
DA:12,2
DA:13,2
DA:16,1
LF:6
LH:6
BRDA:2,0,0,1
BRDA:2,0,1,1
BRF:2
BRH:2
end_of_record
TN:
SF:src\components\ui\color-mode.jsx
FN:9,ColorModeProvider
FN:15,useColorMode
FN:17,(anonymous_2)
FN:27,useColorModeValue
FN:32,ColorModeIcon
FN:38,ColorModeButton
FNF:6
FNH:6
FNDA:3,ColorModeProvider
FNDA:4,useColorMode
FNDA:1,(anonymous_2)
FNDA:1,useColorModeValue
FNDA:2,ColorModeIcon
FNDA:1,ColorModeButton
DA:10,3
DA:16,4
DA:17,4
DA:18,1
DA:20,4
DA:28,1
DA:29,1
DA:33,2
DA:34,2
DA:37,2
DA:39,1
DA:40,1
LF:12
LH:12
BRDA:18,0,0,1
BRDA:18,0,1,0
BRDA:29,1,0,0
BRDA:29,1,1,1
BRDA:34,2,0,0
BRDA:34,2,1,2
BRF:6
BRH:3
end_of_record
TN:
SF:src\components\ui\dialog.jsx
FN:6,DialogContent
FN:27,DialogCloseTrigger
FNF:2
FNH:2
FNDA:1,DialogContent
FNDA:2,DialogCloseTrigger
DA:6,1
DA:13,1
DA:15,1
DA:27,1
DA:28,2
DA:42,1
DA:43,1
DA:44,1
DA:45,1
DA:46,1
DA:47,1
DA:48,1
DA:49,1
DA:50,1
LF:14
LH:14
BRDA:9,0,0,1
BRDA:11,1,0,1
BRDA:17,2,0,1
BRDA:17,2,1,1
BRF:4
BRH:4
end_of_record
TN:
SF:src\components\ui\drawer.jsx
FN:6,DrawerContent
FN:19,DrawerCloseTrigger
FNF:2
FNH:2
FNDA:1,DrawerContent
FNDA:2,DrawerCloseTrigger
DA:6,1
DA:7,1
DA:8,1
DA:19,1
DA:20,2
DA:32,1
DA:33,1
DA:34,1
DA:35,1
DA:36,1
DA:37,1
DA:38,1
DA:39,1
DA:40,1
LF:14
LH:14
BRDA:7,0,0,1
BRF:1
BRH:1
end_of_record
TN:
SF:src\components\ui\field.jsx
FN:4,Field
FNF:1
FNH:1
FNDA:3,Field
DA:4,1
DA:6,3
DA:7,3
LF:3
LH:3
BRDA:9,0,0,3
BRDA:9,0,1,1
BRDA:16,1,0,3
BRDA:16,1,1,1
BRDA:19,2,0,3
BRDA:19,2,1,1
BRF:6
BRH:6
end_of_record
TN:
SF:src\components\ui\input-group.jsx
FN:8,InputGroup
FNF:1
FNH:1
FNDA:4,InputGroup
DA:8,1
DA:18,4
DA:20,4
DA:22,4
LF:4
LH:4
BRDA:15,0,0,3
BRDA:16,1,0,3
BRDA:24,2,0,4
BRDA:24,2,1,2
BRDA:31,3,0,4
BRDA:31,3,1,2
BRDA:34,4,0,4
BRDA:34,4,1,2
BRDA:39,5,0,4
BRDA:39,5,1,2
BRF:10
BRH:10
end_of_record
TN:
SF:src\components\ui\provider.jsx
FN:7,Provider
FNF:1
FNH:1
FNDA:3,Provider
DA:8,3
LF:1
LH:1
BRF:0
BRH:0
end_of_record
TN:
SF:src\components\ui\radio.jsx
FNF:0
FNH:0
DA:4,1
DA:5,1
LF:2
LH:2
BRF:0
BRH:0
end_of_record
TN:
SF:src\components\ui\slider.jsx
FN:12,Slider
FN:42,(anonymous_1)
FNF:2
FNH:2
FNDA:3,Slider
FNDA:2,(anonymous_1)
DA:12,1
DA:23,3
DA:25,3
DA:43,2
LF:4
LH:4
BRDA:18,0,0,3
BRDA:19,1,0,3
BRDA:20,2,0,3
BRDA:21,3,0,2
BRDA:27,4,0,3
BRDA:27,4,1,3
BRDA:30,5,0,3
BRDA:30,5,1,2
BRF:8
BRH:8
end_of_record
TN:
SF:src\components\ui\tooltip.jsx
FN:5,Tooltip
FNF:1
FNH:1
FNDA:2,Tooltip
DA:5,1
DA:6,2
DA:8,2
DA:10,1
LF:4
LH:4
BRDA:8,0,0,1
BRDA:8,0,1,1
BRF:2
BRH:2
end_of_record
TN:
SF:src\context\AuthContext.jsx
FN:7,(anonymous_0)
FN:12,(anonymous_1)
FN:21,(anonymous_2)
FN:43,(anonymous_3)
FN:49,(anonymous_4)
FN:62,(anonymous_5)
FNF:6
FNH:6
FNDA:12,(anonymous_0)
FNDA:5,(anonymous_1)
FNDA:4,(anonymous_2)
FNDA:1,(anonymous_3)
FNDA:2,(anonymous_4)
FNDA:16,(anonymous_5)
DA:5,2
DA:7,2
DA:8,12
DA:9,12
DA:10,12
DA:12,12
DA:13,5
DA:14,5
DA:15,3
DA:17,2
DA:21,12
DA:22,4
DA:24,4
DA:30,4
DA:31,4
DA:32,3
DA:34,1
DA:37,0
DA:38,0
DA:40,4
DA:43,12
DA:44,1
DA:45,1
DA:46,1
DA:49,12
DA:50,2
DA:51,2
DA:52,2
DA:55,12
DA:62,16
LF:30
LH:28
BRDA:14,0,0,3
BRDA:14,0,1,2
BRDA:31,1,0,3
BRDA:31,1,1,1
BRF:4
BRH:4
end_of_record
TN:
SF:src\pages\CreatePage.jsx
FN:7,(anonymous_0)
FN:15,(anonymous_1)
FN:19,(anonymous_2)
FN:52,(anonymous_3)
FN:57,(anonymous_4)
FN:62,(anonymous_5)
FNF:6
FNH:5
FNDA:9,(anonymous_0)
FNDA:0,(anonymous_1)
FNDA:2,(anonymous_2)
FNDA:2,(anonymous_3)
FNDA:2,(anonymous_4)
FNDA:2,(anonymous_5)
DA:7,1
DA:8,9
DA:9,9
DA:10,9
DA:11,9
DA:12,9
DA:13,9
DA:15,9
DA:16,0
DA:19,9
DA:20,2
DA:22,2
DA:23,2
DA:24,2
DA:25,2
DA:26,2
DA:28,2
DA:29,2
DA:34,2
DA:35,2
DA:36,1
DA:37,1
DA:39,1
DA:42,0
DA:46,9
DA:52,2
DA:57,2
DA:62,2
LF:28
LH:26
BRDA:26,0,0,0
BRDA:26,0,1,2
BRDA:35,1,0,1
BRDA:35,1,1,1
BRF:4
BRH:3
end_of_record
TN:
SF:src\pages\HomePage.jsx
FN:16,(anonymous_0)
FN:27,(anonymous_1)
FN:39,(anonymous_2)
FN:44,(anonymous_3)
FN:48,(anonymous_4)
FN:74,(anonymous_5)
FN:89,(anonymous_6)
FN:106,(anonymous_7)
FN:120,(anonymous_8)
FNF:9
FNH:3
FNDA:3,(anonymous_0)
FNDA:0,(anonymous_1)
FNDA:3,(anonymous_2)
FNDA:0,(anonymous_3)
FNDA:0,(anonymous_4)
FNDA:0,(anonymous_5)
FNDA:0,(anonymous_6)
FNDA:0,(anonymous_7)
FNDA:4,(anonymous_8)
DA:16,1
DA:27,3
DA:39,3
DA:40,3
DA:44,3
DA:45,0
DA:48,3
DA:49,0
DA:50,0
DA:54,3
DA:74,0
DA:89,0
DA:106,0
DA:121,4
LF:14
LH:8
BRDA:49,0,0,0
BRDA:49,0,1,0
BRDA:86,1,0,0
BRDA:86,1,1,3
BRDA:88,2,0,3
BRDA:88,2,1,3
BRDA:103,3,0,0
BRDA:103,3,1,3
BRDA:105,4,0,3
BRDA:105,4,1,3
BRDA:126,5,0,3
BRDA:126,5,1,1
BRF:12
BRH:8
end_of_record
TN:
SF:src\pages\Login.jsx
FN:17,(anonymous_0)
FN:25,(anonymous_1)
FN:84,(anonymous_2)
FN:96,(anonymous_3)
FN:106,(anonymous_4)
FNF:5
FNH:5
FNDA:12,(anonymous_0)
FNDA:2,(anonymous_1)
FNDA:2,(anonymous_2)
FNDA:2,(anonymous_3)
FNDA:1,(anonymous_4)
DA:17,1
DA:18,12
DA:19,12
DA:20,12
DA:21,12
DA:22,12
DA:23,12
DA:25,12
DA:26,2
DA:27,2
DA:29,2
DA:30,2
DA:36,2
DA:38,2
DA:39,1
DA:40,1
DA:47,1
DA:49,1
DA:58,0
DA:59,0
DA:67,2
DA:71,12
DA:84,2
DA:96,2
DA:106,1
LF:25
LH:23
BRDA:38,0,0,1
BRDA:38,0,1,1
BRDA:51,1,0,1
BRDA:51,1,1,0
BRF:4
BRH:3
end_of_record
TN:
SF:src\pages\Profile.jsx
FN:16,(anonymous_0)
FN:63,(anonymous_1)
FN:94,(anonymous_2)
FNF:3
FNH:3
FNDA:5,(anonymous_0)
FNDA:2,(anonymous_1)
FNDA:2,(anonymous_2)
DA:16,1
DA:17,5
DA:18,5
DA:20,5
DA:21,1
DA:28,4
DA:29,1
DA:36,3
DA:64,2
DA:95,2
LF:10
LH:10
BRDA:20,0,0,1
BRDA:20,0,1,4
BRDA:28,1,0,1
BRDA:28,1,1,3
BRDA:61,2,0,2
BRDA:61,2,1,1
BRDA:61,3,0,3
BRDA:61,3,1,3
BRDA:92,4,0,2
BRDA:92,4,1,1
BRDA:92,5,0,3
BRDA:92,5,1,3
BRF:12
BRH:12
end_of_record
TN:
SF:src\pages\VerifyEmail.jsx
FN:16,(anonymous_0)
FN:24,(anonymous_1)
FN:79,(anonymous_2)
FN:89,(anonymous_3)
FNF:4
FNH:4
FNDA:16,(anonymous_0)
FNDA:3,(anonymous_1)
FNDA:3,(anonymous_2)
FNDA:3,(anonymous_3)
DA:16,1
DA:17,16
DA:18,16
DA:19,16
DA:20,16
DA:21,16
DA:22,16
DA:24,16
DA:25,3
DA:26,3
DA:27,3
DA:28,3
DA:34,2
DA:35,2
DA:36,1
DA:43,1
DA:44,1
DA:46,1
DA:55,1
DA:63,3
DA:67,16
DA:79,3
DA:89,3
LF:23
LH:23
BRDA:35,0,0,1
BRDA:35,0,1,1
BRDA:48,1,0,1
BRDA:48,1,1,0
BRF:4
BRH:3
end_of_record
