TN:
SF:src\components\ui\close-button.jsx
FN:1,_nullishCoalesce
FN:12,CloseButton
FN:15,(anonymous_2)
FNF:3
FNH:3
FNDA:2,_nullishCoalesce
FNDA:2,CloseButton
FNDA:1,(anonymous_2)
DA:2,2
DA:3,1
DA:5,1
DA:12,2
DA:13,2
DA:16,1
LF:6
LH:6
BRDA:2,0,0,1
BRDA:2,0,1,1
BRF:2
BRH:2
end_of_record
TN:
SF:src\components\ui\color-mode.jsx
FN:9,ColorModeProvider
FN:15,useColorMode
FN:17,(anonymous_2)
FN:27,useColorModeValue
FN:32,ColorModeIcon
FN:38,ColorModeButton
FNF:6
FNH:6
FNDA:3,ColorModeProvider
FNDA:4,useColorMode
FNDA:1,(anonymous_2)
FNDA:1,useColorModeValue
FNDA:2,ColorModeIcon
FNDA:1,ColorModeButton
DA:10,3
DA:16,4
DA:17,4
DA:18,1
DA:20,4
DA:28,1
DA:29,1
DA:33,2
DA:34,2
DA:37,2
DA:39,1
DA:40,1
LF:12
LH:12
BRDA:18,0,0,1
BRDA:18,0,1,0
BRDA:29,1,0,0
BRDA:29,1,1,1
BRDA:34,2,0,0
BRDA:34,2,1,2
BRF:6
BRH:3
end_of_record
TN:
SF:src\components\ui\dialog.jsx
FN:6,DialogContent
FN:29,DialogCloseTrigger
FNF:2
FNH:2
FNDA:2,DialogContent
FNDA:2,DialogCloseTrigger
DA:5,1
DA:13,2
DA:15,1
DA:28,1
DA:30,2
DA:46,1
DA:47,1
DA:48,1
DA:49,1
DA:50,1
DA:51,1
DA:52,1
DA:53,1
DA:54,1
LF:14
LH:14
BRDA:9,0,0,1
BRDA:11,1,0,1
BRDA:17,2,0,1
BRDA:17,2,1,1
BRF:4
BRH:4
end_of_record
TN:
SF:src\components\ui\drawer.jsx
FN:6,DrawerContent
FN:21,DrawerCloseTrigger
FNF:2
FNH:2
FNDA:2,DrawerContent
FNDA:2,DrawerCloseTrigger
DA:5,1
DA:7,2
DA:8,1
DA:20,1
DA:22,2
DA:36,1
DA:37,1
DA:38,1
DA:39,1
DA:40,1
DA:41,1
DA:42,1
DA:43,1
DA:44,1
LF:14
LH:14
BRDA:7,0,0,1
BRF:1
BRH:1
end_of_record
TN:
SF:src\components\ui\field.jsx
FN:4,Field
FNF:1
FNH:1
FNDA:3,Field
DA:4,1
DA:6,3
DA:7,3
LF:3
LH:3
BRDA:9,0,0,3
BRDA:9,0,1,1
BRDA:16,1,0,3
BRDA:16,1,1,1
BRDA:19,2,0,3
BRDA:19,2,1,1
BRF:6
BRH:6
end_of_record
TN:
SF:src\components\ui\input-group.jsx
FN:8,InputGroup
FNF:1
FNH:1
FNDA:4,InputGroup
DA:8,1
DA:18,4
DA:20,4
DA:22,4
LF:4
LH:4
BRDA:15,0,0,3
BRDA:16,1,0,3
BRDA:24,2,0,4
BRDA:24,2,1,2
BRDA:31,3,0,4
BRDA:31,3,1,2
BRDA:34,4,0,4
BRDA:34,4,1,2
BRDA:39,5,0,4
BRDA:39,5,1,2
BRF:10
BRH:10
end_of_record
TN:
SF:src\components\ui\provider.jsx
FN:7,Provider
FNF:1
FNH:1
FNDA:3,Provider
DA:8,3
LF:1
LH:1
BRF:0
BRH:0
end_of_record
TN:
SF:src\components\ui\radio.jsx
FNF:0
FNH:0
DA:4,1
DA:5,1
LF:2
LH:2
BRF:0
BRH:0
end_of_record
TN:
SF:src\components\ui\slider.jsx
FN:1,_nullishCoalesce
FN:8,_optionalChain
FN:23,(anonymous_2)
FN:32,Slider
FN:34,(anonymous_4)
FN:39,(anonymous_5)
FN:41,(anonymous_6)
FN:42,(anonymous_7)
FN:51,(anonymous_8)
FN:53,(anonymous_9)
FN:53,(anonymous_10)
FN:76,SliderThumbs
FN:80,(anonymous_12)
FN:89,SliderMarks
FN:91,(anonymous_14)
FN:95,(anonymous_15)
FNF:16
FNH:10
FNDA:8,_nullishCoalesce
FNDA:16,_optionalChain
FNDA:8,(anonymous_2)
FNDA:9,Slider
FNDA:0,(anonymous_4)
FNDA:4,(anonymous_5)
FNDA:4,(anonymous_6)
FNDA:12,(anonymous_7)
FNDA:4,(anonymous_8)
FNDA:4,(anonymous_9)
FNDA:4,(anonymous_10)
FNDA:0,SliderThumbs
FNDA:0,(anonymous_12)
FNDA:0,SliderMarks
FNDA:0,(anonymous_14)
FNDA:0,(anonymous_15)
DA:2,8
DA:3,8
DA:5,0
DA:9,16
DA:10,16
DA:11,16
DA:12,16
DA:13,24
DA:14,24
DA:15,24
DA:16,24
DA:17,8
DA:19,16
DA:20,8
DA:21,8
DA:22,8
DA:23,8
DA:24,8
DA:27,8
DA:32,1
DA:33,9
DA:34,8
DA:36,8
DA:39,4
DA:42,4
DA:43,12
DA:44,12
DA:48,8
DA:51,4
DA:53,4
DA:56,8
DA:77,0
DA:78,0
DA:81,0
DA:89,1
DA:90,0
DA:91,0
DA:93,0
DA:96,0
DA:97,0
DA:98,0
LF:41
LH:31
BRDA:2,0,0,8
BRDA:2,0,1,0
BRDA:16,1,0,8
BRDA:16,1,1,16
BRDA:16,2,0,24
BRDA:16,2,1,8
BRDA:16,2,2,16
BRDA:19,3,0,8
BRDA:19,3,1,8
BRDA:19,4,0,16
BRDA:19,4,1,16
BRDA:22,5,0,8
BRDA:22,5,1,0
BRDA:22,6,0,8
BRDA:22,6,1,0
BRDA:43,7,0,0
BRDA:43,7,1,12
BRDA:58,8,0,8
BRDA:58,8,1,8
BRDA:58,8,2,8
BRDA:59,9,0,8
BRDA:59,9,1,8
BRDA:59,9,2,0
BRDA:65,10,0,8
BRDA:65,10,1,4
BRDA:91,11,0,0
BRDA:91,11,1,0
BRDA:96,12,0,0
BRDA:96,12,1,0
BRDA:97,13,0,0
BRDA:97,13,1,0
BRF:31
BRH:20
end_of_record
TN:
SF:src\components\ui\tooltip.jsx
FN:4,Tooltip
FNF:1
FNH:1
FNDA:6,Tooltip
DA:4,1
DA:14,6
DA:16,5
DA:18,4
LF:4
LH:4
BRDA:9,0,0,5
BRDA:16,1,0,1
BRDA:16,1,1,4
BRDA:24,2,0,4
BRDA:24,2,1,4
BRF:5
BRH:5
end_of_record
